2018-03-22 11:43:48 [@mins002]
Interno #1: Ejecutar createinquest
2018-03-26 09:30:02 [@mins002]
Interno #1: Ejecutar watcher
2018-04-09 11:44:21 [@mins002]
Interno #1: Ejecutar ticketrecurrent
2018-04-09 11:57:46 [@mins002]
Interno #1: Ejecutar planningrecall
2018-04-09 11:58:06 [@mins002]
Interno #1: Ejecutar queuednotification
2018-04-09 12:25:56 [@mins002]
Interno #1: Ejecutar queuednotificationclean
2018-04-10 08:17:29 [@mins002]
Interno #1: Ejecutar temp
2018-04-10 08:22:43 [@mins002]
Interno #1: Ejecutar mailgateerror
2018-04-10 08:22:48 [@mins002]
Interno #1: Ejecutar telemetry
2018-04-10 08:34:30 [2@mins002]
Interno #1: Ejecutar contract
2018-04-10 08:44:39 [2@mins002]
Interno #1: Ejecutar infocom
2018-04-10 08:51:15 [2@mins002]
Interno #1: No se puede iniciar optimize

Función CronTask::cronoptimize no definida (para cron)
2018-04-10 09:01:23 [2@mins002]
Interno #1: No se puede iniciar optimize

Función CronTask::cronoptimize no definida (para cron)
2018-04-10 09:05:47 [@mins002]
Interno #1: No se puede iniciar optimize

Función CronTask::cronoptimize no definida (para cron)
2018-04-10 11:29:44 [@mins002]
Interno #1: No se puede iniciar optimize

Función CronTask::cronoptimize no definida (para cron)
2018-04-10 11:37:29 [2@mins002]
Interno #1: No se puede iniciar optimize

Función CronTask::cronoptimize no definida (para cron)
2018-04-10 11:42:03 [@mins002]
Interno #1: No se puede iniciar optimize

Función CronTask::cronoptimize no definida (para cron)
2018-04-10 11:42:20 [@mins002]
Interno #1: No se puede iniciar optimize

Función CronTask::cronoptimize no definida (para cron)
2018-04-10 11:43:34 [2@mins002]
Interno #1: No se puede iniciar optimize

Función CronTask::cronoptimize no definida (para cron)
2018-04-10 11:43:43 [@mins002]
Interno #1: No se puede iniciar optimize

Función CronTask::cronoptimize no definida (para cron)
2018-04-10 11:44:05 [@mins002]
Interno #1: No se puede iniciar optimize

Función CronTask::cronoptimize no definida (para cron)
2018-04-10 11:45:26 [@mins002]
Interno #1: No se puede iniciar optimize

Función CronTask::cronoptimize no definida (para cron)
2018-04-10 11:46:02 [@mins002]
Interno #1: No se puede iniciar optimize

Función CronTask::cronoptimize no definida (para cron)
2018-04-10 11:46:30 [@mins002]
Interno #1: No se puede iniciar optimize

Función CronTask::cronoptimize no definida (para cron)
2018-04-10 11:46:41 [@mins002]
Interno #1: No se puede iniciar optimize

Función CronTask::cronoptimize no definida (para cron)
2018-04-10 11:52:54 [@mins002]
Interno #1: No se puede iniciar optimize

Función CronTask::cronoptimize no definida (para cron)
2018-04-10 11:58:16 [6@mins002]
Interno #1: No se puede iniciar optimize

Función CronTask::cronoptimize no definida (para cron)
2018-04-10 12:10:05 [6@mins002]
Interno #1: No se puede iniciar optimize

Función CronTask::cronoptimize no definida (para cron)
2018-04-10 12:11:33 [@mins002]
Interno #1: No se puede iniciar optimize

Función CronTask::cronoptimize no definida (para cron)
2018-04-10 12:13:19 [@mins002]
Interno #1: No se puede iniciar optimize

Función CronTask::cronoptimize no definida (para cron)
2018-04-10 12:15:02 [@mins002]
Interno #1: No se puede iniciar optimize

Función CronTask::cronoptimize no definida (para cron)
2018-04-10 12:20:24 [2@mins002]
Interno #1: No se puede iniciar optimize

Función CronTask::cronoptimize no definida (para cron)
2018-04-10 12:27:42 [@mins002]
Interno #1: No se puede iniciar optimize

Función CronTask::cronoptimize no definida (para cron)
2018-04-10 12:28:02 [@mins002]
Interno #1: No se puede iniciar optimize

Función CronTask::cronoptimize no definida (para cron)
2018-04-10 12:36:33 [6@mins002]
Interno #1: No se puede iniciar optimize

Función CronTask::cronoptimize no definida (para cron)
2018-04-10 12:54:50 [6@mins002]
Interno #1: No se puede iniciar optimize

Función CronTask::cronoptimize no definida (para cron)
2018-04-10 12:54:54 [@mins002]
Interno #1: No se puede iniciar optimize

Función CronTask::cronoptimize no definida (para cron)
2018-04-10 12:55:12 [@mins002]
Interno #1: No se puede iniciar optimize

Función CronTask::cronoptimize no definida (para cron)
2018-04-10 12:55:29 [@mins002]
Interno #1: No se puede iniciar optimize

Función CronTask::cronoptimize no definida (para cron)
2018-04-10 12:55:38 [@mins002]
Interno #1: No se puede iniciar optimize

Función CronTask::cronoptimize no definida (para cron)
2018-04-10 13:03:23 [6@mins002]
Interno #1: No se puede iniciar optimize

Función CronTask::cronoptimize no definida (para cron)
2018-04-10 13:06:23 [@mins002]
Interno #1: No se puede iniciar optimize

Función CronTask::cronoptimize no definida (para cron)
2018-04-10 13:07:15 [@mins002]
Interno #1: No se puede iniciar optimize

Función CronTask::cronoptimize no definida (para cron)
2018-04-10 13:12:06 [@mins002]
Interno #1: No se puede iniciar optimize

Función CronTask::cronoptimize no definida (para cron)
2018-04-10 13:18:04 [6@mins002]
Interno #1: No se puede iniciar optimize

Función CronTask::cronoptimize no definida (para cron)
2018-04-10 13:18:58 [@mins002]
Interno #1: No se puede iniciar optimize

Función CronTask::cronoptimize no definida (para cron)
2018-04-10 13:19:20 [@mins002]
Interno #1: No se puede iniciar optimize

Función CronTask::cronoptimize no definida (para cron)
2018-04-10 13:24:20 [@mins002]
Interno #1: No se puede iniciar optimize

Función CronTask::cronoptimize no definida (para cron)
2018-04-10 13:25:28 [@mins002]
Interno #1: No se puede iniciar optimize

Función CronTask::cronoptimize no definida (para cron)
2018-04-10 13:31:20 [6@mins002]
Interno #1: No se puede iniciar optimize

Función CronTask::cronoptimize no definida (para cron)
2018-04-10 13:37:53 [6@mins002]
Interno #1: No se puede iniciar optimize

Función CronTask::cronoptimize no definida (para cron)
2018-04-10 13:38:07 [@mins002]
Interno #1: No se puede iniciar optimize

Función CronTask::cronoptimize no definida (para cron)
2018-04-10 13:42:36 [@mins002]
Interno #1: No se puede iniciar optimize

Función CronTask::cronoptimize no definida (para cron)
2018-04-10 13:46:10 [@mins002]
Interno #1: No se puede iniciar optimize

Función CronTask::cronoptimize no definida (para cron)
2018-04-10 13:46:21 [@mins002]
Interno #1: No se puede iniciar optimize

Función CronTask::cronoptimize no definida (para cron)
2018-04-10 13:47:15 [@mins002]
Interno #1: No se puede iniciar optimize

Función CronTask::cronoptimize no definida (para cron)
2018-04-10 13:48:28 [@mins002]
Interno #1: No se puede iniciar optimize

Función CronTask::cronoptimize no definida (para cron)
2018-04-10 13:48:42 [@mins002]
Interno #1: No se puede iniciar optimize

Función CronTask::cronoptimize no definida (para cron)
2018-04-10 13:51:24 [@mins002]
Interno #1: No se puede iniciar optimize

Función CronTask::cronoptimize no definida (para cron)
2018-04-10 13:53:03 [@mins002]
Interno #1: No se puede iniciar optimize

Función CronTask::cronoptimize no definida (para cron)
2018-04-10 13:58:55 [6@mins002]
Interno #1: No se puede iniciar optimize

Función CronTask::cronoptimize no definida (para cron)
2018-04-10 13:59:15 [@mins002]
Interno #1: No se puede iniciar optimize

Función CronTask::cronoptimize no definida (para cron)
2018-04-10 13:59:52 [@mins002]
Interno #1: No se puede iniciar optimize

Función CronTask::cronoptimize no definida (para cron)
2018-04-10 14:06:52 [@mins002]
Interno #1: No se puede iniciar optimize

Función CronTask::cronoptimize no definida (para cron)
2018-04-10 14:33:37 [6@mins002]
Interno #1: No se puede iniciar optimize

Función CronTask::cronoptimize no definida (para cron)
2018-04-10 14:47:12 [6@mins002]
Interno #1: No se puede iniciar optimize

Función CronTask::cronoptimize no definida (para cron)
2018-04-10 14:49:41 [@mins002]
Interno #1: No se puede iniciar optimize

Función CronTask::cronoptimize no definida (para cron)
2018-04-10 14:56:04 [@mins002]
Interno #1: No se puede iniciar optimize

Función CronTask::cronoptimize no definida (para cron)
2018-04-11 09:25:52 [@mins002]
Interno #1: No se puede iniciar optimize

Función CronTask::cronoptimize no definida (para cron)
2018-04-11 09:44:52 [2@mins002]
Interno #1: No se puede iniciar optimize

Función CronTask::cronoptimize no definida (para cron)
2018-04-11 09:50:20 [2@mins002]
Interno #1: No se puede iniciar optimize

Función CronTask::cronoptimize no definida (para cron)
2018-04-11 11:13:30 [2@mins002]
Interno #1: No se puede iniciar optimize

Función CronTask::cronoptimize no definida (para cron)
2018-04-11 11:18:39 [2@mins002]
Interno #1: No se puede iniciar optimize

Función CronTask::cronoptimize no definida (para cron)
2018-04-11 11:58:15 [2@mins002]
Interno #1: No se puede iniciar optimize

Función CronTask::cronoptimize no definida (para cron)
2018-04-12 08:45:03 [2@mins002]
Interno #1: No se puede iniciar optimize

Función CronTask::cronoptimize no definida (para cron)
2018-04-12 08:46:21 [@mins002]
Interno #1: No se puede iniciar optimize

Función CronTask::cronoptimize no definida (para cron)
2018-04-12 08:50:04 [@mins002]
Interno #1: No se puede iniciar optimize

Función CronTask::cronoptimize no definida (para cron)
2018-04-12 08:54:24 [@mins002]
Interno #1: No se puede iniciar optimize

Función CronTask::cronoptimize no definida (para cron)
2018-04-12 08:54:56 [@mins002]
Interno #1: No se puede iniciar optimize

Función CronTask::cronoptimize no definida (para cron)
2018-04-12 08:57:51 [@mins002]
Interno #1: No se puede iniciar optimize

Función CronTask::cronoptimize no definida (para cron)
2018-04-12 09:02:11 [@mins002]
Interno #1: No se puede iniciar optimize

Función CronTask::cronoptimize no definida (para cron)
2018-04-12 09:04:25 [@mins002]
Interno #1: No se puede iniciar optimize

Función CronTask::cronoptimize no definida (para cron)
2018-04-12 09:18:28 [2@mins002]
Interno #1: No se puede iniciar optimize

Función CronTask::cronoptimize no definida (para cron)
2018-04-12 09:23:52 [2@mins002]
Interno #1: No se puede iniciar optimize

Función CronTask::cronoptimize no definida (para cron)
2018-04-12 09:30:23 [2@mins002]
Interno #1: No se puede iniciar optimize

Función CronTask::cronoptimize no definida (para cron)
2018-04-12 09:36:06 [2@mins002]
Interno #1: No se puede iniciar optimize

Función CronTask::cronoptimize no definida (para cron)
2018-04-12 09:41:17 [2@mins002]
Interno #1: No se puede iniciar optimize

Función CronTask::cronoptimize no definida (para cron)
2018-04-12 09:46:17 [@mins002]
Interno #1: No se puede iniciar optimize

Función CronTask::cronoptimize no definida (para cron)
2018-04-12 09:55:22 [2@mins002]
Interno #1: No se puede iniciar optimize

Función CronTask::cronoptimize no definida (para cron)
2018-04-12 10:02:36 [2@mins002]
Interno #1: No se puede iniciar optimize

Función CronTask::cronoptimize no definida (para cron)
2018-04-12 10:10:19 [2@mins002]
Interno #1: No se puede iniciar optimize

Función CronTask::cronoptimize no definida (para cron)
2018-04-12 10:18:00 [2@mins002]
Interno #1: No se puede iniciar optimize

Función CronTask::cronoptimize no definida (para cron)
2018-04-12 10:23:25 [2@mins002]
Interno #1: No se puede iniciar optimize

Función CronTask::cronoptimize no definida (para cron)
2018-04-12 10:35:04 [2@mins002]
Interno #1: No se puede iniciar optimize

Función CronTask::cronoptimize no definida (para cron)
2018-04-12 11:16:28 [2@mins002]
Interno #1: No se puede iniciar optimize

Función CronTask::cronoptimize no definida (para cron)
2018-04-12 11:25:47 [2@mins002]
Interno #1: No se puede iniciar optimize

Función CronTask::cronoptimize no definida (para cron)
2018-04-12 11:25:50 [@mins002]
Interno #1: No se puede iniciar optimize

Función CronTask::cronoptimize no definida (para cron)
2018-04-12 11:32:14 [2@mins002]
Interno #1: No se puede iniciar optimize

Función CronTask::cronoptimize no definida (para cron)
2018-04-12 11:37:19 [2@mins002]
Interno #1: No se puede iniciar optimize

Función CronTask::cronoptimize no definida (para cron)
2018-04-12 11:48:18 [2@mins002]
Interno #1: No se puede iniciar optimize

Función CronTask::cronoptimize no definida (para cron)
2018-04-12 11:53:58 [2@mins002]
Interno #1: No se puede iniciar optimize

Función CronTask::cronoptimize no definida (para cron)
2018-04-12 12:02:14 [2@mins002]
Interno #1: No se puede iniciar optimize

Función CronTask::cronoptimize no definida (para cron)
2018-04-12 12:09:18 [2@mins002]
Interno #1: No se puede iniciar optimize

Función CronTask::cronoptimize no definida (para cron)
2018-04-12 12:10:22 [@mins002]
Interno #1: No se puede iniciar optimize

Función CronTask::cronoptimize no definida (para cron)
2018-04-12 12:20:12 [2@mins002]
Interno #1: No se puede iniciar optimize

Función CronTask::cronoptimize no definida (para cron)
2018-04-12 12:24:17 [@mins002]
Interno #1: No se puede iniciar optimize

Función CronTask::cronoptimize no definida (para cron)
2018-04-12 12:25:07 [@mins002]
Interno #1: No se puede iniciar optimize

Función CronTask::cronoptimize no definida (para cron)
2018-04-12 12:30:12 [2@mins002]
Interno #1: No se puede iniciar optimize

Función CronTask::cronoptimize no definida (para cron)
2018-04-12 12:30:27 [@mins002]
Interno #1: No se puede iniciar optimize

Función CronTask::cronoptimize no definida (para cron)
2018-04-12 12:31:23 [@mins002]
Interno #1: No se puede iniciar optimize

Función CronTask::cronoptimize no definida (para cron)
2018-04-12 12:36:48 [@mins002]
Interno #1: No se puede iniciar optimize

Función CronTask::cronoptimize no definida (para cron)
2018-04-12 12:36:49 [@mins002]
Interno #1: No se puede iniciar optimize

Función CronTask::cronoptimize no definida (para cron)
2018-04-12 12:36:50 [@mins002]
Interno #1: No se puede iniciar optimize

Función CronTask::cronoptimize no definida (para cron)
2018-04-12 12:36:50 [@mins002]
Interno #1: No se puede iniciar optimize

Función CronTask::cronoptimize no definida (para cron)
2018-04-12 12:36:50 [@mins002]
Interno #1: No se puede iniciar optimize

Función CronTask::cronoptimize no definida (para cron)
2018-04-12 12:36:50 [@mins002]
Interno #1: No se puede iniciar optimize

Función CronTask::cronoptimize no definida (para cron)
2018-04-12 12:36:50 [@mins002]
Interno #1: No se puede iniciar optimize

Función CronTask::cronoptimize no definida (para cron)
2018-04-12 12:38:43 [@mins002]
Interno #1: No se puede iniciar optimize

Función CronTask::cronoptimize no definida (para cron)
2018-04-12 12:49:38 [2@mins002]
Interno #1: No se puede iniciar optimize

Función CronTask::cronoptimize no definida (para cron)
2018-04-12 12:54:58 [2@mins002]
Interno #1: No se puede iniciar optimize

Función CronTask::cronoptimize no definida (para cron)
2018-04-12 13:00:02 [2@mins002]
Interno #1: No se puede iniciar optimize

Función CronTask::cronoptimize no definida (para cron)
2018-04-12 13:07:29 [@mins002]
Interno #1: No se puede iniciar optimize

Función CronTask::cronoptimize no definida (para cron)
2018-04-12 13:07:58 [@mins002]
Interno #1: No se puede iniciar optimize

Función CronTask::cronoptimize no definida (para cron)
2018-04-12 13:10:50 [@mins002]
Interno #1: No se puede iniciar optimize

Función CronTask::cronoptimize no definida (para cron)
2018-04-12 13:13:13 [@mins002]
Interno #1: No se puede iniciar optimize

Función CronTask::cronoptimize no definida (para cron)
2018-04-12 13:19:58 [2@mins002]
Interno #1: No se puede iniciar optimize

Función CronTask::cronoptimize no definida (para cron)
2018-04-12 13:20:58 [@mins002]
Interno #1: No se puede iniciar optimize

Función CronTask::cronoptimize no definida (para cron)
2018-04-12 13:47:27 [6@mins002]
Interno #1: No se puede iniciar optimize

Función CronTask::cronoptimize no definida (para cron)
2018-04-12 13:49:39 [@mins002]
Interno #1: No se puede iniciar optimize

Función CronTask::cronoptimize no definida (para cron)
2018-04-12 14:44:09 [2@mins002]
Interno #1: No se puede iniciar optimize

Función CronTask::cronoptimize no definida (para cron)
2018-04-13 08:20:55 [2@mins002]
Interno #1: No se puede iniciar optimize

Función CronTask::cronoptimize no definida (para cron)
2018-04-13 08:28:40 [2@mins002]
Interno #1: No se puede iniciar optimize

Función CronTask::cronoptimize no definida (para cron)
2018-04-13 08:52:12 [2@mins002]
Interno #1: No se puede iniciar optimize

Función CronTask::cronoptimize no definida (para cron)
2018-04-13 08:57:03 [@mins002]
Interno #1: No se puede iniciar optimize

Función CronTask::cronoptimize no definida (para cron)
2018-04-13 09:02:21 [6@mins002]
Interno #1: No se puede iniciar optimize

Función CronTask::cronoptimize no definida (para cron)
2018-04-13 09:02:46 [@mins002]
Interno #1: No se puede iniciar optimize

Función CronTask::cronoptimize no definida (para cron)
2018-04-13 09:02:50 [@mins002]
Interno #1: No se puede iniciar optimize

Función CronTask::cronoptimize no definida (para cron)
2018-04-13 09:04:58 [@mins002]
Interno #1: No se puede iniciar optimize

Función CronTask::cronoptimize no definida (para cron)
2018-04-13 09:05:09 [@mins002]
Interno #1: No se puede iniciar optimize

Función CronTask::cronoptimize no definida (para cron)
2018-04-13 09:05:22 [@mins002]
Interno #1: No se puede iniciar optimize

Función CronTask::cronoptimize no definida (para cron)
2018-04-13 09:06:00 [@mins002]
Interno #1: No se puede iniciar optimize

Función CronTask::cronoptimize no definida (para cron)
2018-04-13 09:06:07 [@mins002]
Interno #1: No se puede iniciar optimize

Función CronTask::cronoptimize no definida (para cron)
2018-04-13 09:11:42 [@mins002]
Interno #1: No se puede iniciar optimize

Función CronTask::cronoptimize no definida (para cron)
2018-04-13 09:25:38 [@mins002]
Interno #1: No se puede iniciar optimize

Función CronTask::cronoptimize no definida (para cron)
2018-04-13 09:26:11 [@mins002]
Interno #1: No se puede iniciar optimize

Función CronTask::cronoptimize no definida (para cron)
2018-04-13 09:29:49 [@mins002]
Interno #1: No se puede iniciar optimize

Función CronTask::cronoptimize no definida (para cron)
2018-04-13 09:31:08 [@mins002]
Interno #1: No se puede iniciar optimize

Función CronTask::cronoptimize no definida (para cron)
2018-04-13 09:32:08 [@mins002]
Interno #1: No se puede iniciar optimize

Función CronTask::cronoptimize no definida (para cron)
2018-04-13 09:32:33 [@mins002]
Interno #1: No se puede iniciar optimize

Función CronTask::cronoptimize no definida (para cron)
2018-04-13 09:33:21 [@mins002]
Interno #1: No se puede iniciar optimize

Función CronTask::cronoptimize no definida (para cron)
2018-04-13 09:40:05 [@mins002]
Interno #1: No se puede iniciar optimize

Función CronTask::cronoptimize no definida (para cron)
2018-04-13 09:40:54 [@mins002]
Interno #1: No se puede iniciar optimize

Función CronTask::cronoptimize no definida (para cron)
2018-04-13 09:48:00 [7@mins002]
Interno #1: No se puede iniciar optimize

Función CronTask::cronoptimize no definida (para cron)
2018-04-13 09:55:27 [7@mins002]
Interno #1: No se puede iniciar optimize

Función CronTask::cronoptimize no definida (para cron)
2018-04-13 10:00:49 [7@mins002]
Interno #1: No se puede iniciar optimize

Función CronTask::cronoptimize no definida (para cron)
2018-04-13 10:06:31 [7@mins002]
Interno #1: No se puede iniciar optimize

Función CronTask::cronoptimize no definida (para cron)
2018-04-13 10:09:14 [@mins002]
Interno #1: No se puede iniciar optimize

Función CronTask::cronoptimize no definida (para cron)
2018-04-13 10:11:11 [@mins002]
Interno #1: No se puede iniciar optimize

Función CronTask::cronoptimize no definida (para cron)
2018-04-13 10:11:45 [@mins002]
Interno #1: No se puede iniciar optimize

Función CronTask::cronoptimize no definida (para cron)
2018-04-13 10:15:22 [@mins002]
Interno #1: No se puede iniciar optimize

Función CronTask::cronoptimize no definida (para cron)
2018-04-13 10:15:36 [@mins002]
Interno #1: No se puede iniciar optimize

Función CronTask::cronoptimize no definida (para cron)
2018-04-13 10:18:51 [@mins002]
Interno #1: No se puede iniciar optimize

Función CronTask::cronoptimize no definida (para cron)
2018-04-13 10:19:05 [@mins002]
Interno #1: No se puede iniciar optimize

Función CronTask::cronoptimize no definida (para cron)
2018-04-13 10:19:27 [@mins002]
Interno #1: No se puede iniciar optimize

Función CronTask::cronoptimize no definida (para cron)
2018-04-13 10:19:47 [@mins002]
Interno #1: No se puede iniciar optimize

Función CronTask::cronoptimize no definida (para cron)
2018-04-13 11:06:41 [@mins002]
Interno #1: No se puede iniciar optimize

Función CronTask::cronoptimize no definida (para cron)
2018-04-13 11:06:59 [@mins002]
Interno #1: No se puede iniciar optimize

Función CronTask::cronoptimize no definida (para cron)
2018-04-13 11:07:13 [@mins002]
Interno #1: No se puede iniciar optimize

Función CronTask::cronoptimize no definida (para cron)
2018-04-13 11:10:42 [@mins002]
Interno #1: No se puede iniciar optimize

Función CronTask::cronoptimize no definida (para cron)
2018-04-13 11:11:26 [@mins002]
Interno #1: No se puede iniciar optimize

Función CronTask::cronoptimize no definida (para cron)
2018-04-13 11:11:58 [@mins002]
Interno #1: No se puede iniciar optimize

Función CronTask::cronoptimize no definida (para cron)
2018-04-13 11:12:14 [@mins002]
Interno #1: No se puede iniciar optimize

Función CronTask::cronoptimize no definida (para cron)
2018-04-13 11:12:33 [@mins002]
Interno #1: No se puede iniciar optimize

Función CronTask::cronoptimize no definida (para cron)
2018-04-13 11:13:55 [@mins002]
Interno #1: No se puede iniciar optimize

Función CronTask::cronoptimize no definida (para cron)
2018-04-13 11:30:25 [7@mins002]
Interno #1: No se puede iniciar optimize

Función CronTask::cronoptimize no definida (para cron)
2018-04-13 11:31:38 [7@mins002]
Interno #1: No se puede iniciar optimize

Función CronTask::cronoptimize no definida (para cron)
2018-04-13 11:34:21 [@mins002]
Interno #1: No se puede iniciar optimize

Función CronTask::cronoptimize no definida (para cron)
2018-04-13 11:35:12 [@mins002]
Interno #1: No se puede iniciar optimize

Función CronTask::cronoptimize no definida (para cron)
2018-04-13 11:35:41 [@mins002]
Interno #1: No se puede iniciar optimize

Función CronTask::cronoptimize no definida (para cron)
2018-04-13 11:36:12 [@mins002]
Interno #1: No se puede iniciar optimize

Función CronTask::cronoptimize no definida (para cron)
2018-04-13 11:39:57 [@mins002]
Interno #1: No se puede iniciar optimize

Función CronTask::cronoptimize no definida (para cron)
2018-04-13 11:41:01 [@mins002]
Interno #1: No se puede iniciar optimize

Función CronTask::cronoptimize no definida (para cron)
2018-04-13 11:49:49 [@mins002]
Interno #1: No se puede iniciar optimize

Función CronTask::cronoptimize no definida (para cron)
2018-04-13 11:54:57 [7@mins002]
Interno #1: No se puede iniciar optimize

Función CronTask::cronoptimize no definida (para cron)
2018-04-13 11:56:05 [@mins002]
Interno #1: No se puede iniciar optimize

Función CronTask::cronoptimize no definida (para cron)
2018-04-13 11:58:15 [@mins002]
Interno #1: No se puede iniciar optimize

Función CronTask::cronoptimize no definida (para cron)
2018-04-13 12:05:21 [7@mins002]
Interno #1: No se puede iniciar optimize

Función CronTask::cronoptimize no definida (para cron)
2018-04-13 12:09:20 [@mins002]
Interno #1: No se puede iniciar optimize

Función CronTask::cronoptimize no definida (para cron)
2018-04-13 12:09:25 [@mins002]
Interno #1: No se puede iniciar optimize

Función CronTask::cronoptimize no definida (para cron)
2018-04-13 12:18:52 [7@mins002]
Interno #1: No se puede iniciar optimize

Función CronTask::cronoptimize no definida (para cron)
2018-04-13 12:24:46 [7@mins002]
Interno #1: No se puede iniciar optimize

Función CronTask::cronoptimize no definida (para cron)
2018-04-13 12:25:21 [@mins002]
Interno #1: No se puede iniciar optimize

Función CronTask::cronoptimize no definida (para cron)
2018-04-13 12:26:16 [@mins002]
Interno #1: No se puede iniciar optimize

Función CronTask::cronoptimize no definida (para cron)
2018-04-13 12:27:44 [@mins002]
Interno #1: No se puede iniciar optimize

Función CronTask::cronoptimize no definida (para cron)
2018-04-13 12:28:13 [@mins002]
Interno #1: No se puede iniciar optimize

Función CronTask::cronoptimize no definida (para cron)
2018-04-13 12:29:14 [@mins002]
Interno #1: No se puede iniciar optimize

Función CronTask::cronoptimize no definida (para cron)
2018-04-13 12:29:32 [@mins002]
Interno #1: No se puede iniciar optimize

Función CronTask::cronoptimize no definida (para cron)
2018-04-13 12:30:06 [@mins002]
Interno #1: No se puede iniciar optimize

Función CronTask::cronoptimize no definida (para cron)
2018-04-13 12:32:24 [@mins002]
Interno #1: No se puede iniciar optimize

Función CronTask::cronoptimize no definida (para cron)
2018-04-13 12:33:31 [@mins002]
Interno #1: No se puede iniciar optimize

Función CronTask::cronoptimize no definida (para cron)
2018-04-13 12:34:05 [@mins002]
Interno #1: No se puede iniciar optimize

Función CronTask::cronoptimize no definida (para cron)
2018-04-13 12:34:13 [@mins002]
Interno #1: No se puede iniciar optimize

Función CronTask::cronoptimize no definida (para cron)
2018-04-13 12:34:36 [@mins002]
Interno #1: No se puede iniciar optimize

Función CronTask::cronoptimize no definida (para cron)
2018-04-13 12:38:59 [@mins002]
Interno #1: No se puede iniciar optimize

Función CronTask::cronoptimize no definida (para cron)
2018-04-13 12:39:26 [@mins002]
Interno #1: No se puede iniciar optimize

Función CronTask::cronoptimize no definida (para cron)
2018-04-13 12:45:26 [2@mins002]
Interno #1: No se puede iniciar optimize

Función CronTask::cronoptimize no definida (para cron)
2018-04-13 12:45:29 [@mins002]
Interno #1: No se puede iniciar optimize

Función CronTask::cronoptimize no definida (para cron)
2018-04-13 12:50:31 [@mins002]
Interno #1: No se puede iniciar optimize

Función CronTask::cronoptimize no definida (para cron)
2018-04-13 12:50:45 [@mins002]
Interno #1: No se puede iniciar optimize

Función CronTask::cronoptimize no definida (para cron)
2018-04-13 12:52:12 [@mins002]
Interno #1: No se puede iniciar optimize

Función CronTask::cronoptimize no definida (para cron)
2018-04-13 12:52:18 [@mins002]
Interno #1: No se puede iniciar optimize

Función CronTask::cronoptimize no definida (para cron)
2018-04-13 13:06:55 [7@mins002]
Interno #1: No se puede iniciar optimize

Función CronTask::cronoptimize no definida (para cron)
2018-04-13 13:07:59 [@mins002]
Interno #1: No se puede iniciar optimize

Función CronTask::cronoptimize no definida (para cron)
2018-04-13 13:12:32 [@mins002]
Interno #1: No se puede iniciar optimize

Función CronTask::cronoptimize no definida (para cron)
2018-04-13 13:13:49 [@mins002]
Interno #1: No se puede iniciar optimize

Función CronTask::cronoptimize no definida (para cron)
2018-04-13 13:19:05 [2@mins002]
Interno #1: No se puede iniciar optimize

Función CronTask::cronoptimize no definida (para cron)
2018-04-13 13:21:07 [@mins002]
Interno #1: No se puede iniciar optimize

Función CronTask::cronoptimize no definida (para cron)
2018-04-13 13:26:17 [7@mins002]
Interno #1: No se puede iniciar optimize

Función CronTask::cronoptimize no definida (para cron)
2018-04-13 13:31:39 [7@mins002]
Interno #1: No se puede iniciar optimize

Función CronTask::cronoptimize no definida (para cron)
2018-04-13 13:31:45 [@mins002]
Interno #1: No se puede iniciar optimize

Función CronTask::cronoptimize no definida (para cron)
2018-04-13 13:50:23 [2@mins002]
Interno #1: No se puede iniciar optimize

Función CronTask::cronoptimize no definida (para cron)
2018-04-13 13:58:17 [@mins002]
Interno #1: No se puede iniciar optimize

Función CronTask::cronoptimize no definida (para cron)
2018-04-13 13:59:26 [@mins002]
Interno #1: No se puede iniciar optimize

Función CronTask::cronoptimize no definida (para cron)
2018-04-13 14:00:32 [@mins002]
Interno #1: No se puede iniciar optimize

Función CronTask::cronoptimize no definida (para cron)
2018-04-13 14:00:37 [@mins002]
Interno #1: No se puede iniciar optimize

Función CronTask::cronoptimize no definida (para cron)
2018-04-13 14:09:17 [7@mins002]
Interno #1: No se puede iniciar optimize

Función CronTask::cronoptimize no definida (para cron)
2018-04-13 14:09:19 [@mins002]
Interno #1: No se puede iniciar optimize

Función CronTask::cronoptimize no definida (para cron)
2018-04-13 14:16:37 [@mins002]
Interno #1: No se puede iniciar optimize

Función CronTask::cronoptimize no definida (para cron)
2018-04-13 14:16:40 [@mins002]
Interno #1: No se puede iniciar optimize

Función CronTask::cronoptimize no definida (para cron)
2018-04-13 14:43:39 [@mins002]
Interno #1: No se puede iniciar optimize

Función CronTask::cronoptimize no definida (para cron)
2018-04-13 14:43:52 [@mins002]
Interno #1: No se puede iniciar optimize

Función CronTask::cronoptimize no definida (para cron)
2018-04-16 08:09:45 [@mins002]
Interno #1: No se puede iniciar optimize

Función CronTask::cronoptimize no definida (para cron)
2018-04-16 08:09:59 [@mins002]
Interno #1: No se puede iniciar optimize

Función CronTask::cronoptimize no definida (para cron)
2018-04-16 08:23:59 [@mins002]
Interno #1: No se puede iniciar optimize

Función CronTask::cronoptimize no definida (para cron)
2018-04-16 08:37:31 [2@mins002]
Interno #1: No se puede iniciar optimize

Función CronTask::cronoptimize no definida (para cron)
2018-04-16 08:43:36 [2@mins002]
Interno #1: No se puede iniciar optimize

Función CronTask::cronoptimize no definida (para cron)
2018-04-16 08:43:38 [@mins002]
Interno #1: No se puede iniciar optimize

Función CronTask::cronoptimize no definida (para cron)
2018-04-16 14:48:56 [@mins002]
Interno #1: No se puede iniciar optimize

Función CronTask::cronoptimize no definida (para cron)
2018-04-16 14:55:04 [2@mins002]
Interno #1: No se puede iniciar optimize

Función CronTask::cronoptimize no definida (para cron)
2018-04-16 14:58:45 [@mins002]
Interno #1: No se puede iniciar optimize

Función CronTask::cronoptimize no definida (para cron)
2018-04-16 14:59:05 [@mins002]
Interno #1: No se puede iniciar optimize

Función CronTask::cronoptimize no definida (para cron)
2018-04-16 14:59:13 [@mins002]
Interno #1: No se puede iniciar optimize

Función CronTask::cronoptimize no definida (para cron)
2018-04-17 08:10:11 [@mins002]
Interno #1: No se puede iniciar optimize

Función CronTask::cronoptimize no definida (para cron)
2018-04-17 08:10:28 [@mins002]
Interno #1: No se puede iniciar optimize

Función CronTask::cronoptimize no definida (para cron)
2018-04-17 08:10:46 [@mins002]
Interno #1: No se puede iniciar optimize

Función CronTask::cronoptimize no definida (para cron)
2018-04-17 08:14:26 [@mins002]
Interno #1: No se puede iniciar optimize

Función CronTask::cronoptimize no definida (para cron)
2018-04-17 08:21:30 [@mins002]
Interno #1: No se puede iniciar optimize

Función CronTask::cronoptimize no definida (para cron)
2018-04-17 08:26:43 [2@mins002]
Interno #1: No se puede iniciar optimize

Función CronTask::cronoptimize no definida (para cron)
2018-04-17 13:40:14 [2@mins002]
Interno #1: No se puede iniciar optimize

Función CronTask::cronoptimize no definida (para cron)
2018-04-17 13:40:20 [@mins002]
Interno #1: No se puede iniciar optimize

Función CronTask::cronoptimize no definida (para cron)
2018-04-17 13:45:20 [2@mins002]
Interno #1: No se puede iniciar optimize

Función CronTask::cronoptimize no definida (para cron)
2018-04-17 13:45:21 [2@mins002]
Interno #1: No se puede iniciar optimize

Función CronTask::cronoptimize no definida (para cron)
2018-04-17 13:45:27 [2@mins002]
Interno #1: No se puede iniciar optimize

Función CronTask::cronoptimize no definida (para cron)
2018-04-17 14:12:08 [2@mins002]
Interno #1: No se puede iniciar optimize

Función CronTask::cronoptimize no definida (para cron)
2018-04-17 14:12:13 [2@mins002]
Interno #1: No se puede iniciar optimize

Función CronTask::cronoptimize no definida (para cron)
2018-04-17 14:13:04 [2@mins002]
Interno #1: No se puede iniciar optimize

Función CronTask::cronoptimize no definida (para cron)
2018-04-17 14:13:53 [2@mins002]
Interno #1: No se puede iniciar optimize

Función CronTask::cronoptimize no definida (para cron)
2018-04-17 14:13:57 [2@mins002]
Interno #1: No se puede iniciar optimize

Función CronTask::cronoptimize no definida (para cron)
2018-04-17 14:14:12 [2@mins002]
Interno #1: No se puede iniciar optimize

Función CronTask::cronoptimize no definida (para cron)
2018-04-17 14:14:28 [@mins002]
Interno #1: No se puede iniciar optimize

Función CronTask::cronoptimize no definida (para cron)
2018-04-17 14:22:15 [@mins002]
Interno #1: No se puede iniciar optimize

Función CronTask::cronoptimize no definida (para cron)
2018-04-17 14:22:17 [@mins002]
Interno #1: No se puede iniciar optimize

Función CronTask::cronoptimize no definida (para cron)
2018-04-17 14:22:22 [@mins002]
Interno #1: No se puede iniciar optimize

Función CronTask::cronoptimize no definida (para cron)
2018-04-17 14:36:19 [@mins002]
Interno #1: No se puede iniciar optimize

Función CronTask::cronoptimize no definida (para cron)
2018-04-17 14:44:42 [@mins002]
Interno #1: No se puede iniciar optimize

Función CronTask::cronoptimize no definida (para cron)
2018-04-17 14:45:20 [2@mins002]
Interno #1: No se puede iniciar optimize

Función CronTask::cronoptimize no definida (para cron)
2018-04-18 08:11:34 [@mins002]
Interno #1: No se puede iniciar optimize

Función CronTask::cronoptimize no definida (para cron)
2018-04-18 08:21:24 [@mins002]
Interno #1: No se puede iniciar optimize

Función CronTask::cronoptimize no definida (para cron)
2018-04-18 08:21:41 [@mins002]
Interno #1: No se puede iniciar optimize

Función CronTask::cronoptimize no definida (para cron)
2018-04-18 08:23:03 [@mins002]
Interno #1: No se puede iniciar optimize

Función CronTask::cronoptimize no definida (para cron)
2018-04-18 08:36:30 [@mins002]
Interno #1: No se puede iniciar optimize

Función CronTask::cronoptimize no definida (para cron)
2018-04-18 11:05:52 [7@mins002]
Interno #1: No se puede iniciar optimize

Función CronTask::cronoptimize no definida (para cron)
2018-04-18 11:05:56 [@mins002]
Interno #1: No se puede iniciar optimize

Función CronTask::cronoptimize no definida (para cron)
2018-04-18 11:14:34 [2@mins002]
Interno #1: No se puede iniciar optimize

Función CronTask::cronoptimize no definida (para cron)
2018-04-18 11:15:02 [@mins002]
Interno #1: No se puede iniciar optimize

Función CronTask::cronoptimize no definida (para cron)
2018-04-18 11:15:38 [@mins002]
Interno #1: No se puede iniciar optimize

Función CronTask::cronoptimize no definida (para cron)
2018-04-18 14:31:00 [2@mins002]
Interno #1: No se puede iniciar optimize

Función CronTask::cronoptimize no definida (para cron)
2018-04-18 14:35:58 [2@mins002]
Interno #1: No se puede iniciar optimize

Función CronTask::cronoptimize no definida (para cron)
2018-04-18 14:36:11 [@mins002]
Interno #1: No se puede iniciar optimize

Función CronTask::cronoptimize no definida (para cron)
2018-04-18 14:36:17 [@mins002]
Interno #1: No se puede iniciar optimize

Función CronTask::cronoptimize no definida (para cron)
2018-04-18 14:36:21 [@mins002]
Interno #1: No se puede iniciar optimize

Función CronTask::cronoptimize no definida (para cron)
2018-04-18 14:37:33 [@mins002]
Interno #1: No se puede iniciar optimize

Función CronTask::cronoptimize no definida (para cron)
2018-04-18 14:37:37 [@mins002]
Interno #1: No se puede iniciar optimize

Función CronTask::cronoptimize no definida (para cron)
2018-04-18 14:37:46 [@mins002]
Interno #1: No se puede iniciar optimize

Función CronTask::cronoptimize no definida (para cron)
2018-04-18 14:38:50 [@mins002]
Interno #1: No se puede iniciar optimize

Función CronTask::cronoptimize no definida (para cron)
2018-04-18 14:43:25 [@mins002]
Interno #1: No se puede iniciar optimize

Función CronTask::cronoptimize no definida (para cron)
2018-04-18 14:43:30 [@mins002]
Interno #1: No se puede iniciar optimize

Función CronTask::cronoptimize no definida (para cron)
2018-04-18 14:48:30 [@mins002]
Interno #1: No se puede iniciar optimize

Función CronTask::cronoptimize no definida (para cron)
2018-04-18 14:48:35 [@mins002]
Interno #1: No se puede iniciar optimize

Función CronTask::cronoptimize no definida (para cron)
2018-04-18 14:49:23 [@mins002]
Interno #1: No se puede iniciar optimize

Función CronTask::cronoptimize no definida (para cron)
2018-04-18 14:50:56 [@mins002]
Interno #1: No se puede iniciar optimize

Función CronTask::cronoptimize no definida (para cron)
2018-04-18 14:52:00 [@mins002]
Interno #1: No se puede iniciar optimize

Función CronTask::cronoptimize no definida (para cron)
2018-04-18 14:52:11 [@mins002]
Interno #1: No se puede iniciar optimize

Función CronTask::cronoptimize no definida (para cron)
2018-04-19 08:12:56 [2@mins002]
Interno #1: No se puede iniciar optimize

Función CronTask::cronoptimize no definida (para cron)
2018-04-19 08:18:25 [2@mins002]
Interno #1: No se puede iniciar optimize

Función CronTask::cronoptimize no definida (para cron)
2018-04-19 08:23:31 [2@mins002]
Interno #1: No se puede iniciar optimize

Función CronTask::cronoptimize no definida (para cron)
2018-04-19 08:24:37 [@mins002]
Interno #1: No se puede iniciar optimize

Función CronTask::cronoptimize no definida (para cron)
2018-04-19 08:24:54 [@mins002]
Interno #1: No se puede iniciar optimize

Función CronTask::cronoptimize no definida (para cron)
2018-04-19 08:31:50 [2@mins002]
Interno #1: No se puede iniciar optimize

Función CronTask::cronoptimize no definida (para cron)
2018-04-19 08:36:46 [@mins002]
Interno #1: No se puede iniciar optimize

Función CronTask::cronoptimize no definida (para cron)
2018-04-19 08:37:22 [@mins002]
Interno #1: No se puede iniciar optimize

Función CronTask::cronoptimize no definida (para cron)
2018-04-19 08:38:24 [@mins002]
Interno #1: No se puede iniciar optimize

Función CronTask::cronoptimize no definida (para cron)
2018-04-19 08:38:53 [@mins002]
Interno #1: No se puede iniciar optimize

Función CronTask::cronoptimize no definida (para cron)
2018-04-19 08:39:00 [@mins002]
Interno #1: No se puede iniciar optimize

Función CronTask::cronoptimize no definida (para cron)
2018-04-19 08:44:22 [7@mins002]
Interno #1: No se puede iniciar optimize

Función CronTask::cronoptimize no definida (para cron)
2018-04-19 08:51:19 [@mins002]
Interno #1: No se puede iniciar optimize

Función CronTask::cronoptimize no definida (para cron)
2018-04-19 08:54:23 [@mins002]
Interno #1: No se puede iniciar optimize

Función CronTask::cronoptimize no definida (para cron)
2018-04-19 08:59:00 [@mins002]
Interno #1: No se puede iniciar optimize

Función CronTask::cronoptimize no definida (para cron)
2018-04-19 08:59:17 [@mins002]
Interno #1: No se puede iniciar optimize

Función CronTask::cronoptimize no definida (para cron)
2018-04-19 09:00:06 [@mins002]
Interno #1: No se puede iniciar optimize

Función CronTask::cronoptimize no definida (para cron)
2018-04-19 09:00:47 [@mins002]
Interno #1: No se puede iniciar optimize

Función CronTask::cronoptimize no definida (para cron)
2018-04-19 09:06:59 [@mins002]
Interno #1: No se puede iniciar optimize

Función CronTask::cronoptimize no definida (para cron)
2018-04-19 09:07:11 [@mins002]
Interno #1: No se puede iniciar optimize

Función CronTask::cronoptimize no definida (para cron)
2018-04-19 09:07:46 [@mins002]
Interno #1: No se puede iniciar optimize

Función CronTask::cronoptimize no definida (para cron)
2018-04-20 12:47:37 [@mins002]
Interno #1: No se puede iniciar optimize

Función CronTask::cronoptimize no definida (para cron)
2018-04-20 13:34:01 [@mins002]
Interno #1: No se puede iniciar optimize

Función CronTask::cronoptimize no definida (para cron)
2018-04-20 13:38:10 [@mins002]
Interno #1: No se puede iniciar optimize

Función CronTask::cronoptimize no definida (para cron)
2018-04-20 13:38:28 [@mins002]
Interno #1: No se puede iniciar optimize

Función CronTask::cronoptimize no definida (para cron)
2018-04-20 13:40:04 [2@mins002]
Interno #1: No se puede iniciar optimize

Función CronTask::cronoptimize no definida (para cron)
2018-04-20 13:47:04 [2@mins002]
Interno #1: No se puede iniciar optimize

Función CronTask::cronoptimize no definida (para cron)
2018-04-20 14:01:48 [2@mins002]
Interno #1: No se puede iniciar optimize

Función CronTask::cronoptimize no definida (para cron)
2018-04-20 14:11:46 [2@mins002]
Interno #1: No se puede iniciar optimize

Función CronTask::cronoptimize no definida (para cron)
2018-04-20 14:11:49 [@mins002]
Interno #1: No se puede iniciar optimize

Función CronTask::cronoptimize no definida (para cron)
2018-04-20 14:16:58 [2@mins002]
Interno #1: No se puede iniciar optimize

Función CronTask::cronoptimize no definida (para cron)
2018-04-20 14:22:18 [2@mins002]
Interno #1: No se puede iniciar optimize

Función CronTask::cronoptimize no definida (para cron)
2018-04-20 14:22:59 [@mins002]
Interno #1: No se puede iniciar optimize

Función CronTask::cronoptimize no definida (para cron)
2018-04-20 14:23:10 [@mins002]
Interno #1: No se puede iniciar optimize

Función CronTask::cronoptimize no definida (para cron)
2018-04-20 14:23:37 [@mins002]
Interno #1: No se puede iniciar optimize

Función CronTask::cronoptimize no definida (para cron)
2018-04-20 14:29:02 [2@mins002]
Interno #1: No se puede iniciar optimize

Función CronTask::cronoptimize no definida (para cron)
2018-04-20 14:36:36 [2@mins002]
Interno #1: No se puede iniciar optimize

Función CronTask::cronoptimize no definida (para cron)
2018-04-23 08:18:08 [@mins002]
Interno #1: No se puede iniciar optimize

Función CronTask::cronoptimize no definida (para cron)
2018-04-23 08:18:22 [@mins002]
Interno #1: No se puede iniciar optimize

Función CronTask::cronoptimize no definida (para cron)
2018-04-23 10:20:11 [@mins002]
Interno #1: No se puede iniciar optimize

Función CronTask::cronoptimize no definida (para cron)
2018-04-23 10:31:16 [@mins002]
Interno #1: No se puede iniciar optimize

Función CronTask::cronoptimize no definida (para cron)
2018-04-23 11:15:12 [2@mins002]
Interno #1: No se puede iniciar optimize

Función CronTask::cronoptimize no definida (para cron)
2018-04-23 11:20:34 [2@mins002]
Interno #1: No se puede iniciar optimize

Función CronTask::cronoptimize no definida (para cron)
2018-04-23 11:26:09 [2@mins002]
Interno #1: No se puede iniciar optimize

Función CronTask::cronoptimize no definida (para cron)
2018-04-23 11:36:11 [2@mins002]
Interno #1: No se puede iniciar optimize

Función CronTask::cronoptimize no definida (para cron)
2018-04-23 11:38:34 [@mins002]
Interno #1: No se puede iniciar optimize

Función CronTask::cronoptimize no definida (para cron)
2018-04-23 11:39:33 [@mins002]
Interno #1: No se puede iniciar optimize

Función CronTask::cronoptimize no definida (para cron)
2018-04-23 12:07:51 [2@mins002]
Interno #1: No se puede iniciar optimize

Función CronTask::cronoptimize no definida (para cron)
2018-04-23 12:08:55 [@mins002]
Interno #1: No se puede iniciar optimize

Función CronTask::cronoptimize no definida (para cron)
2018-04-23 12:09:10 [@mins002]
Interno #1: No se puede iniciar optimize

Función CronTask::cronoptimize no definida (para cron)
2018-04-23 12:16:10 [2@mins002]
Interno #1: No se puede iniciar optimize

Función CronTask::cronoptimize no definida (para cron)
2018-04-23 12:24:06 [2@mins002]
Interno #1: No se puede iniciar optimize

Función CronTask::cronoptimize no definida (para cron)
2018-04-26 07:46:36 [@POR114]
Interno #1: No se puede iniciar optimize

Función CronTask::cronoptimize no definida (para cron)
2018-04-26 08:20:23 [2@POR114]
Interno #1: No se puede iniciar optimize

Función CronTask::cronoptimize no definida (para cron)
2018-04-26 08:24:18 [@PC034]
Interno #1: No se puede iniciar optimize

Función CronTask::cronoptimize no definida (para cron)
2018-04-26 09:43:21 [2@POR114]
Interno #1: No se puede iniciar optimize

Función CronTask::cronoptimize no definida (para cron)
2018-04-26 09:51:06 [2@POR114]
Interno #1: No se puede iniciar optimize

Función CronTask::cronoptimize no definida (para cron)
