2018-04-12 09:59:29 [2@mins002]
  *** MySQL query error:
  SQL: 						
CREATE TABLE IF NOT EXISTS `glpi_plugin_comproveedores_comproveedores` (
  `id` int(11) NOT NULL auto_increment,
  `entities_id` int(11) NOT NULL default '0',
  `is_recursive` tinyint(1) NOT NULL default '0',
  `name` varchar(255) NOT NULL default '',
  `states_id` int(11) NOT NULL default '0',
  `comment` text,
  `template_name` varchar(255) collate utf8_unicode_ci default NULL,
  `is_deleted` tinyint(1) NOT NULL default '0', 
  `is_template` tinyint(1) NOT NULL default '0',
  `is_helpdesk_visible` 								int(11) NOT NULL default '1',
  `externalid` varchar(255) NULL,
  
  PRIMARY KEY  (`id`),
  KEY `entities_id` (`entities_id`),
  KEY `is_deleted` (`is_deleted`),
  KEY `name` (`name`),
  KEY `plugin_machines_machinetypes_id` (`plugin_machines_machinetypes_id`),
  KEY `plugin_machines_machinemarca_id` (`plugin_machines_machinemarca_id`)
) ENGINE=MyISAM  DEFAULT CHARSET=utf8 COLLATE=utf8_unicode_ci;

  Error: Key column 'plugin_machines_machinetypes_id' doesn't exist in table
  Backtrace :
  inc/dbmysql.class.php:503                          
  plugins/comproveedores/hook.php:30                 DBmysql->runFile()
  inc/plugin.class.php:731                           plugin_comproveedores_install()
  front/plugin.form.php:48                           Plugin->install()
2018-04-12 09:59:29 [2@mins002]
  *** MySQL query error:
  SQL: 						
CREATE TABLE IF NOT EXISTS `glpi_plugin_comproveedores_comproveedores` (
  `id` int(11) NOT NULL auto_increment,
  `entities_id` int(11) NOT NULL default '0',
  `is_recursive` tinyint(1) NOT NULL default '0',
  `name` varchar(255) NOT NULL default '',
  `states_id` int(11) NOT NULL default '0',
  `comment` text,
  `template_name` varchar(255) collate utf8_unicode_ci default NULL,
  `is_deleted` tinyint(1) NOT NULL default '0', 
  `is_template` tinyint(1) NOT NULL default '0',
  `is_helpdesk_visible` 								int(11) NOT NULL default '1',
  `externalid` varchar(255) NULL,
  
  PRIMARY KEY  (`id`),
  KEY `entities_id` (`entities_id`),
  KEY `is_deleted` (`is_deleted`),
  KEY `name` (`name`),
  KEY `plugin_machines_machinetypes_id` (`plugin_machines_machinetypes_id`),
  KEY `plugin_machines_machinemarca_id` (`plugin_machines_machinemarca_id`)
) ENGINE=MyISAM  DEFAULT CHARSET=utf8 COLLATE=utf8_unicode_ci;


  Error: Key column 'plugin_machines_machinetypes_id' doesn't exist in table
  Backtrace :
  inc/dbmysql.class.php:503                          
  plugins/comproveedores/hook.php:30                 DBmysql->runFile()
  inc/plugin.class.php:731                           plugin_comproveedores_install()
  front/plugin.form.php:48                           Plugin->install()
2018-04-12 09:59:29 [2@mins002]
  *** MySQL query error:
  SQL: 						
CREATE TABLE IF NOT EXISTS `glpi_plugin_comproveedores_comproveedores` (
  `id` int(11) NOT NULL auto_increment,
  `entities_id` int(11) NOT NULL default '0',
  `is_recursive` tinyint(1) NOT NULL default '0',
  `name` varchar(255) NOT NULL default '',
  `states_id` int(11) NOT NULL default '0',
  `comment` text,
  `template_name` varchar(255) collate utf8_unicode_ci default NULL,
  `is_deleted` tinyint(1) NOT NULL default '0', 
  `is_template` tinyint(1) NOT NULL default '0',
  `is_helpdesk_visible` 								int(11) NOT NULL default '1',
  `externalid` varchar(255) NULL,
  
  PRIMARY KEY  (`id`),
  KEY `entities_id` (`entities_id`),
  KEY `is_deleted` (`is_deleted`),
  KEY `name` (`name`),
  KEY `plugin_machines_machinetypes_id` (`plugin_machines_machinetypes_id`),
  KEY `plugin_machines_machinemarca_id` (`plugin_machines_machinemarca_id`)
) ENGINE=MyISAM  DEFAULT CHARSET=utf8 COLLATE=utf8_unicode_ci;



  Error: Key column 'plugin_machines_machinetypes_id' doesn't exist in table
  Backtrace :
  inc/dbmysql.class.php:503                          
  plugins/comproveedores/hook.php:30                 DBmysql->runFile()
  inc/plugin.class.php:731                           plugin_comproveedores_install()
  front/plugin.form.php:48                           Plugin->install()
2018-04-12 09:59:29 [2@mins002]
  *** MySQL query error:
  SQL: 						
CREATE TABLE IF NOT EXISTS `glpi_plugin_comproveedores_comproveedores` (
  `id` int(11) NOT NULL auto_increment,
  `entities_id` int(11) NOT NULL default '0',
  `is_recursive` tinyint(1) NOT NULL default '0',
  `name` varchar(255) NOT NULL default '',
  `states_id` int(11) NOT NULL default '0',
  `comment` text,
  `template_name` varchar(255) collate utf8_unicode_ci default NULL,
  `is_deleted` tinyint(1) NOT NULL default '0', 
  `is_template` tinyint(1) NOT NULL default '0',
  `is_helpdesk_visible` 								int(11) NOT NULL default '1',
  `externalid` varchar(255) NULL,
  
  PRIMARY KEY  (`id`),
  KEY `entities_id` (`entities_id`),
  KEY `is_deleted` (`is_deleted`),
  KEY `name` (`name`),
  KEY `plugin_machines_machinetypes_id` (`plugin_machines_machinetypes_id`),
  KEY `plugin_machines_machinemarca_id` (`plugin_machines_machinemarca_id`)
) ENGINE=MyISAM  DEFAULT CHARSET=utf8 COLLATE=utf8_unicode_ci;




  Error: Key column 'plugin_machines_machinetypes_id' doesn't exist in table
  Backtrace :
  inc/dbmysql.class.php:503                          
  plugins/comproveedores/hook.php:30                 DBmysql->runFile()
  inc/plugin.class.php:731                           plugin_comproveedores_install()
  front/plugin.form.php:48                           Plugin->install()
2018-04-12 09:59:29 [2@mins002]
  *** MySQL query error:
  SQL: 						
CREATE TABLE IF NOT EXISTS `glpi_plugin_comproveedores_comproveedores` (
  `id` int(11) NOT NULL auto_increment,
  `entities_id` int(11) NOT NULL default '0',
  `is_recursive` tinyint(1) NOT NULL default '0',
  `name` varchar(255) NOT NULL default '',
  `states_id` int(11) NOT NULL default '0',
  `comment` text,
  `template_name` varchar(255) collate utf8_unicode_ci default NULL,
  `is_deleted` tinyint(1) NOT NULL default '0', 
  `is_template` tinyint(1) NOT NULL default '0',
  `is_helpdesk_visible` 								int(11) NOT NULL default '1',
  `externalid` varchar(255) NULL,
  
  PRIMARY KEY  (`id`),
  KEY `entities_id` (`entities_id`),
  KEY `is_deleted` (`is_deleted`),
  KEY `name` (`name`),
  KEY `plugin_machines_machinetypes_id` (`plugin_machines_machinetypes_id`),
  KEY `plugin_machines_machinemarca_id` (`plugin_machines_machinemarca_id`)
) ENGINE=MyISAM  DEFAULT CHARSET=utf8 COLLATE=utf8_unicode_ci;





  Error: Key column 'plugin_machines_machinetypes_id' doesn't exist in table
  Backtrace :
  inc/dbmysql.class.php:503                          
  plugins/comproveedores/hook.php:30                 DBmysql->runFile()
  inc/plugin.class.php:731                           plugin_comproveedores_install()
  front/plugin.form.php:48                           Plugin->install()
2018-04-12 09:59:29 [2@mins002]
  *** MySQL query error:
  SQL: 						
CREATE TABLE IF NOT EXISTS `glpi_plugin_comproveedores_comproveedores` (
  `id` int(11) NOT NULL auto_increment,
  `entities_id` int(11) NOT NULL default '0',
  `is_recursive` tinyint(1) NOT NULL default '0',
  `name` varchar(255) NOT NULL default '',
  `states_id` int(11) NOT NULL default '0',
  `comment` text,
  `template_name` varchar(255) collate utf8_unicode_ci default NULL,
  `is_deleted` tinyint(1) NOT NULL default '0', 
  `is_template` tinyint(1) NOT NULL default '0',
  `is_helpdesk_visible` 								int(11) NOT NULL default '1',
  `externalid` varchar(255) NULL,
  
  PRIMARY KEY  (`id`),
  KEY `entities_id` (`entities_id`),
  KEY `is_deleted` (`is_deleted`),
  KEY `name` (`name`),
  KEY `plugin_machines_machinetypes_id` (`plugin_machines_machinetypes_id`),
  KEY `plugin_machines_machinemarca_id` (`plugin_machines_machinemarca_id`)
) ENGINE=MyISAM  DEFAULT CHARSET=utf8 COLLATE=utf8_unicode_ci;




CREATE TABLE IF NOT EXISTS `glpi_plugin_machines_machineconsumos` (
   `id` int(11) NOT NULL auto_increment,
   `entities_id` int(11) NOT NULL default '0',
   `is_recursive` tinyint(1) NOT NULL default '0',
   `name` varchar(255) NOT NULL default '',
   `plugin_machines_machines_id` int(11) NOT NULL default '0',
   `comment` text,
   `externalid` varchar(255) NULL,
   PRIMARY KEY (`id`),
   KEY `name` (`name`),
   KEY `entities_id` (`entities_id`),
    KEY `plugin_machines_machines_id` (`plugin_machines_machines_id`),
   UNIQUE (`externalid`)
) ENGINE=MyISAM  DEFAULT CHARSET=utf8 COLLATE=utf8_unicode_ci;

  Error: You have an error in your SQL syntax; check the manual that corresponds to your MySQL server version for the right syntax to use near 'CREATE TABLE IF NOT EXISTS `glpi_plugin_machines_machineconsumos` (
   `id` int' at line 25
  Backtrace :
  inc/dbmysql.class.php:503                          
  plugins/comproveedores/hook.php:30                 DBmysql->runFile()
  inc/plugin.class.php:731                           plugin_comproveedores_install()
  front/plugin.form.php:48                           Plugin->install()
2018-04-12 09:59:29 [2@mins002]
  *** MySQL query error:
  SQL: 						
CREATE TABLE IF NOT EXISTS `glpi_plugin_comproveedores_comproveedores` (
  `id` int(11) NOT NULL auto_increment,
  `entities_id` int(11) NOT NULL default '0',
  `is_recursive` tinyint(1) NOT NULL default '0',
  `name` varchar(255) NOT NULL default '',
  `states_id` int(11) NOT NULL default '0',
  `comment` text,
  `template_name` varchar(255) collate utf8_unicode_ci default NULL,
  `is_deleted` tinyint(1) NOT NULL default '0', 
  `is_template` tinyint(1) NOT NULL default '0',
  `is_helpdesk_visible` 								int(11) NOT NULL default '1',
  `externalid` varchar(255) NULL,
  
  PRIMARY KEY  (`id`),
  KEY `entities_id` (`entities_id`),
  KEY `is_deleted` (`is_deleted`),
  KEY `name` (`name`),
  KEY `plugin_machines_machinetypes_id` (`plugin_machines_machinetypes_id`),
  KEY `plugin_machines_machinemarca_id` (`plugin_machines_machinemarca_id`)
) ENGINE=MyISAM  DEFAULT CHARSET=utf8 COLLATE=utf8_unicode_ci;




CREATE TABLE IF NOT EXISTS `glpi_plugin_machines_machineconsumos` (
   `id` int(11) NOT NULL auto_increment,
   `entities_id` int(11) NOT NULL default '0',
   `is_recursive` tinyint(1) NOT NULL default '0',
   `name` varchar(255) NOT NULL default '',
   `plugin_machines_machines_id` int(11) NOT NULL default '0',
   `comment` text,
   `externalid` varchar(255) NULL,
   PRIMARY KEY (`id`),
   KEY `name` (`name`),
   KEY `entities_id` (`entities_id`),
    KEY `plugin_machines_machines_id` (`plugin_machines_machines_id`),
   UNIQUE (`externalid`)
) ENGINE=MyISAM  DEFAULT CHARSET=utf8 COLLATE=utf8_unicode_ci;


  Error: You have an error in your SQL syntax; check the manual that corresponds to your MySQL server version for the right syntax to use near 'CREATE TABLE IF NOT EXISTS `glpi_plugin_machines_machineconsumos` (
   `id` int' at line 25
  Backtrace :
  inc/dbmysql.class.php:503                          
  plugins/comproveedores/hook.php:30                 DBmysql->runFile()
  inc/plugin.class.php:731                           plugin_comproveedores_install()
  front/plugin.form.php:48                           Plugin->install()
2018-04-12 09:59:29 [2@mins002]
  *** MySQL query error:
  SQL: 						
CREATE TABLE IF NOT EXISTS `glpi_plugin_comproveedores_comproveedores` (
  `id` int(11) NOT NULL auto_increment,
  `entities_id` int(11) NOT NULL default '0',
  `is_recursive` tinyint(1) NOT NULL default '0',
  `name` varchar(255) NOT NULL default '',
  `states_id` int(11) NOT NULL default '0',
  `comment` text,
  `template_name` varchar(255) collate utf8_unicode_ci default NULL,
  `is_deleted` tinyint(1) NOT NULL default '0', 
  `is_template` tinyint(1) NOT NULL default '0',
  `is_helpdesk_visible` 								int(11) NOT NULL default '1',
  `externalid` varchar(255) NULL,
  
  PRIMARY KEY  (`id`),
  KEY `entities_id` (`entities_id`),
  KEY `is_deleted` (`is_deleted`),
  KEY `name` (`name`),
  KEY `plugin_machines_machinetypes_id` (`plugin_machines_machinetypes_id`),
  KEY `plugin_machines_machinemarca_id` (`plugin_machines_machinemarca_id`)
) ENGINE=MyISAM  DEFAULT CHARSET=utf8 COLLATE=utf8_unicode_ci;




CREATE TABLE IF NOT EXISTS `glpi_plugin_machines_machineconsumos` (
   `id` int(11) NOT NULL auto_increment,
   `entities_id` int(11) NOT NULL default '0',
   `is_recursive` tinyint(1) NOT NULL default '0',
   `name` varchar(255) NOT NULL default '',
   `plugin_machines_machines_id` int(11) NOT NULL default '0',
   `comment` text,
   `externalid` varchar(255) NULL,
   PRIMARY KEY (`id`),
   KEY `name` (`name`),
   KEY `entities_id` (`entities_id`),
    KEY `plugin_machines_machines_id` (`plugin_machines_machines_id`),
   UNIQUE (`externalid`)
) ENGINE=MyISAM  DEFAULT CHARSET=utf8 COLLATE=utf8_unicode_ci;


  Error: You have an error in your SQL syntax; check the manual that corresponds to your MySQL server version for the right syntax to use near 'CREATE TABLE IF NOT EXISTS `glpi_plugin_machines_machineconsumos` (
   `id` int' at line 25
  Backtrace :
  inc/dbmysql.class.php:503                          
  plugins/comproveedores/hook.php:30                 DBmysql->runFile()
  inc/plugin.class.php:731                           plugin_comproveedores_install()
  front/plugin.form.php:48                           Plugin->install()
2018-04-16 14:49:09 [2@mins002]
  *** MySQL query error:
  SQL: SELECT * FROM glpi_users WHERE supplier_id=1
  Error: Unknown column 'supplier_id' in 'where clause'
  Backtrace :
  plugins/comproveedores/inc/user.class.php:81       
  plugins/comproveedores/inc/user.class.php:31       PluginComproveedoresUser->showFormItem()
  inc/commonglpi.class.php:482                       PluginComproveedoresUser::displayTabContentForItem()
  ajax/common.tabs.php:96                            CommonGLPI::displayStandardTab()
2018-04-16 14:49:32 [2@mins002]
  *** MySQL query error:
  SQL: SELECT * FROM glpi_users WHERE supplier_id=1
  Error: Unknown column 'supplier_id' in 'where clause'
  Backtrace :
  plugins/comproveedores/inc/user.class.php:81       
  plugins/comproveedores/inc/user.class.php:31       PluginComproveedoresUser->showFormItem()
  inc/commonglpi.class.php:482                       PluginComproveedoresUser::displayTabContentForItem()
  ajax/common.tabs.php:96                            CommonGLPI::displayStandardTab()
2018-04-16 14:49:36 [2@mins002]
  *** MySQL query error:
  SQL: UPDATE `glpi_users` SET supplier_id=1 WHERE id=7
  Error: Unknown column 'supplier_id' in 'field list'
  Backtrace :
  plugins/comproveedores/front/cv.form.php:61        
2018-04-16 14:49:36 [2@mins002]
  *** MySQL query error:
  SQL: SELECT * FROM glpi_users WHERE supplier_id=1
  Error: Unknown column 'supplier_id' in 'where clause'
  Backtrace :
  plugins/comproveedores/inc/user.class.php:81       
  plugins/comproveedores/inc/user.class.php:31       PluginComproveedoresUser->showFormItem()
  inc/commonglpi.class.php:482                       PluginComproveedoresUser::displayTabContentForItem()
  ajax/common.tabs.php:96                            CommonGLPI::displayStandardTab()
2018-04-16 14:49:48 [2@mins002]
  *** MySQL query error:
  SQL: UPDATE `glpi_users` SET supplier_id=1 WHERE id=7
  Error: Unknown column 'supplier_id' in 'field list'
  Backtrace :
  plugins/comproveedores/front/cv.form.php:61        
2018-04-16 14:49:49 [2@mins002]
  *** MySQL query error:
  SQL: SELECT * FROM glpi_users WHERE supplier_id=1
  Error: Unknown column 'supplier_id' in 'where clause'
  Backtrace :
  plugins/comproveedores/inc/user.class.php:81       
  plugins/comproveedores/inc/user.class.php:31       PluginComproveedoresUser->showFormItem()
  inc/commonglpi.class.php:482                       PluginComproveedoresUser::displayTabContentForItem()
  ajax/common.tabs.php:96                            CommonGLPI::displayStandardTab()
2018-04-16 14:50:11 [2@mins002]
  *** MySQL query error:
  SQL: SELECT * FROM glpi_users WHERE supplier_id=1
  Error: Unknown column 'supplier_id' in 'where clause'
  Backtrace :
  plugins/comproveedores/inc/user.class.php:81       
  plugins/comproveedores/inc/user.class.php:31       PluginComproveedoresUser->showFormItem()
  inc/commonglpi.class.php:482                       PluginComproveedoresUser::displayTabContentForItem()
  ajax/common.tabs.php:96                            CommonGLPI::displayStandardTab()
2018-04-16 14:50:52 [2@mins002]
  *** MySQL query error:
  SQL: DROP TABLE `glpi_plugin_comproveedores_comproveedores`
  Error: Unknown table 'glpibovis.glpi_plugin_comproveedores_comproveedores'
  Backtrace :
  plugins/comproveedores/hook.php:51                 
  inc/plugin.class.php:685                           plugin_comproveedores_uninstall()
  front/plugin.form.php:48                           Plugin->uninstall()
2018-04-16 14:50:52 [2@mins002]
  *** MySQL query error:
  SQL: DROP TABLE `glpi_plugin_comproveedores_cvs`
  Error: Unknown table 'glpibovis.glpi_plugin_comproveedores_cvs'
  Backtrace :
  plugins/comproveedores/hook.php:51                 
  inc/plugin.class.php:685                           plugin_comproveedores_uninstall()
  front/plugin.form.php:48                           Plugin->uninstall()
2018-04-16 14:51:00 [2@mins002]
  *** MySQL query error:
  SQL: SELECT * FROM glpi_users WHERE supplier_id=1
  Error: Unknown column 'supplier_id' in 'where clause'
  Backtrace :
  plugins/comproveedores/inc/user.class.php:81       
  plugins/comproveedores/inc/user.class.php:31       PluginComproveedoresUser->showFormItem()
  inc/commonglpi.class.php:482                       PluginComproveedoresUser::displayTabContentForItem()
  ajax/common.tabs.php:96                            CommonGLPI::displayStandardTab()
2018-04-16 14:51:04 [2@mins002]
  *** MySQL query error:
  SQL: UPDATE `glpi_users` SET supplier_id=1 WHERE id=7
  Error: Unknown column 'supplier_id' in 'field list'
  Backtrace :
  plugins/comproveedores/front/cv.form.php:61        
2018-04-16 14:51:04 [2@mins002]
  *** MySQL query error:
  SQL: SELECT * FROM glpi_users WHERE supplier_id=1
  Error: Unknown column 'supplier_id' in 'where clause'
  Backtrace :
  plugins/comproveedores/inc/user.class.php:81       
  plugins/comproveedores/inc/user.class.php:31       PluginComproveedoresUser->showFormItem()
  inc/commonglpi.class.php:482                       PluginComproveedoresUser::displayTabContentForItem()
  ajax/common.tabs.php:96                            CommonGLPI::displayStandardTab()
2018-04-16 14:51:24 [2@mins002]
  *** MySQL query error:
  SQL: UPDATE `glpi_users` SET supplier_id=1 WHERE id=7
  Error: Unknown column 'supplier_id' in 'field list'
  Backtrace :
  plugins/comproveedores/front/cv.form.php:61        
2018-04-16 14:51:24 [2@mins002]
  *** MySQL query error:
  SQL: SELECT * FROM glpi_users WHERE supplier_id=1
  Error: Unknown column 'supplier_id' in 'where clause'
  Backtrace :
  plugins/comproveedores/inc/user.class.php:81       
  plugins/comproveedores/inc/user.class.php:31       PluginComproveedoresUser->showFormItem()
  inc/commonglpi.class.php:482                       PluginComproveedoresUser::displayTabContentForItem()
  ajax/common.tabs.php:96                            CommonGLPI::displayStandardTab()
2018-04-16 14:52:36 [2@mins002]
  *** MySQL query error:
  SQL: SELECT * FROM glpi_users WHERE supplier_id=1
  Error: Unknown column 'supplier_id' in 'where clause'
  Backtrace :
  plugins/comproveedores/inc/user.class.php:81       
  plugins/comproveedores/inc/user.class.php:31       PluginComproveedoresUser->showFormItem()
  inc/commonglpi.class.php:482                       PluginComproveedoresUser::displayTabContentForItem()
  ajax/common.tabs.php:96                            CommonGLPI::displayStandardTab()
2018-04-16 14:52:40 [2@mins002]
  *** MySQL query error:
  SQL: UPDATE `glpi_users` SET supplier_id=1 WHERE id=7
  Error: Unknown column 'supplier_id' in 'field list'
  Backtrace :
  plugins/comproveedores/front/cv.form.php:61        
2018-04-16 14:52:41 [2@mins002]
  *** MySQL query error:
  SQL: SELECT * FROM glpi_users WHERE supplier_id=1
  Error: Unknown column 'supplier_id' in 'where clause'
  Backtrace :
  plugins/comproveedores/inc/user.class.php:81       
  plugins/comproveedores/inc/user.class.php:31       PluginComproveedoresUser->showFormItem()
  inc/commonglpi.class.php:482                       PluginComproveedoresUser::displayTabContentForItem()
  ajax/common.tabs.php:96                            CommonGLPI::displayStandardTab()
2018-04-16 14:53:07 [2@mins002]
  *** MySQL query error:
  SQL: DROP TABLE `glpi_plugin_comproveedores_comproveedores`
  Error: Unknown table 'glpibovis.glpi_plugin_comproveedores_comproveedores'
  Backtrace :
  plugins/comproveedores/hook.php:51                 
  inc/plugin.class.php:685                           plugin_comproveedores_uninstall()
  front/plugin.form.php:48                           Plugin->uninstall()
2018-04-16 14:53:07 [2@mins002]
  *** MySQL query error:
  SQL: DROP TABLE `glpi_plugin_comproveedores_cvs`
  Error: Unknown table 'glpibovis.glpi_plugin_comproveedores_cvs'
  Backtrace :
  plugins/comproveedores/hook.php:51                 
  inc/plugin.class.php:685                           plugin_comproveedores_uninstall()
  front/plugin.form.php:48                           Plugin->uninstall()
2018-04-16 14:53:08 [2@mins002]
  *** MySQL query error:
  SQL: DROP TABLE `glpi_plugin_comproveedores_comproveedores`
  Error: Unknown table 'glpibovis.glpi_plugin_comproveedores_comproveedores'
  Backtrace :
  plugins/comproveedores/hook.php:51                 
  inc/plugin.class.php:685                           plugin_comproveedores_uninstall()
  front/plugin.form.php:48                           Plugin->uninstall()
2018-04-16 14:53:08 [2@mins002]
  *** MySQL query error:
  SQL: DROP TABLE `glpi_plugin_comproveedores_cvs`
  Error: Unknown table 'glpibovis.glpi_plugin_comproveedores_cvs'
  Backtrace :
  plugins/comproveedores/hook.php:51                 
  inc/plugin.class.php:685                           plugin_comproveedores_uninstall()
  front/plugin.form.php:48                           Plugin->uninstall()
2018-04-16 14:53:09 [2@mins002]
  *** MySQL query error:
  SQL: DROP TABLE `glpi_plugin_comproveedores_comproveedores`
  Error: Unknown table 'glpibovis.glpi_plugin_comproveedores_comproveedores'
  Backtrace :
  plugins/comproveedores/hook.php:51                 
  inc/plugin.class.php:685                           plugin_comproveedores_uninstall()
  front/plugin.form.php:48                           Plugin->uninstall()
2018-04-16 14:53:09 [2@mins002]
  *** MySQL query error:
  SQL: DROP TABLE `glpi_plugin_comproveedores_cvs`
  Error: Unknown table 'glpibovis.glpi_plugin_comproveedores_cvs'
  Backtrace :
  plugins/comproveedores/hook.php:51                 
  inc/plugin.class.php:685                           plugin_comproveedores_uninstall()
  front/plugin.form.php:48                           Plugin->uninstall()
2018-04-16 14:53:21 [2@mins002]
  *** MySQL query error:
  SQL: SELECT * FROM glpi_users WHERE supplier_id=1
  Error: Unknown column 'supplier_id' in 'where clause'
  Backtrace :
  plugins/comproveedores/inc/user.class.php:81       
  plugins/comproveedores/inc/user.class.php:31       PluginComproveedoresUser->showFormItem()
  inc/commonglpi.class.php:482                       PluginComproveedoresUser::displayTabContentForItem()
  ajax/common.tabs.php:96                            CommonGLPI::displayStandardTab()
2018-04-16 14:53:24 [2@mins002]
  *** MySQL query error:
  SQL: UPDATE `glpi_users` SET supplier_id=1 WHERE id=7
  Error: Unknown column 'supplier_id' in 'field list'
  Backtrace :
  plugins/comproveedores/front/cv.form.php:61        
2018-04-16 14:53:25 [2@mins002]
  *** MySQL query error:
  SQL: SELECT * FROM glpi_users WHERE supplier_id=1
  Error: Unknown column 'supplier_id' in 'where clause'
  Backtrace :
  plugins/comproveedores/inc/user.class.php:81       
  plugins/comproveedores/inc/user.class.php:31       PluginComproveedoresUser->showFormItem()
  inc/commonglpi.class.php:482                       PluginComproveedoresUser::displayTabContentForItem()
  ajax/common.tabs.php:96                            CommonGLPI::displayStandardTab()
2018-04-16 14:55:09 [2@mins002]
  *** MySQL query error:
  SQL: SELECT * FROM glpi_users WHERE supplier_id=1
  Error: Unknown column 'supplier_id' in 'where clause'
  Backtrace :
  plugins/comproveedores/inc/user.class.php:81       
  plugins/comproveedores/inc/user.class.php:31       PluginComproveedoresUser->showFormItem()
  inc/commonglpi.class.php:482                       PluginComproveedoresUser::displayTabContentForItem()
  ajax/common.tabs.php:96                            CommonGLPI::displayStandardTab()
2018-04-16 14:55:12 [2@mins002]
  *** MySQL query error:
  SQL: UPDATE `glpi_users` SET supplier_id=1 WHERE id=7
  Error: Unknown column 'supplier_id' in 'field list'
  Backtrace :
  plugins/comproveedores/front/cv.form.php:61        
2018-04-16 14:55:13 [2@mins002]
  *** MySQL query error:
  SQL: SELECT * FROM glpi_users WHERE supplier_id=1
  Error: Unknown column 'supplier_id' in 'where clause'
  Backtrace :
  plugins/comproveedores/inc/user.class.php:81       
  plugins/comproveedores/inc/user.class.php:31       PluginComproveedoresUser->showFormItem()
  inc/commonglpi.class.php:482                       PluginComproveedoresUser::displayTabContentForItem()
  ajax/common.tabs.php:96                            CommonGLPI::displayStandardTab()
2018-04-16 14:55:32 [2@mins002]
  *** MySQL query error:
  SQL: DROP TABLE `glpi_plugin_comproveedores_comproveedores`
  Error: Unknown table 'glpibovis.glpi_plugin_comproveedores_comproveedores'
  Backtrace :
  plugins/comproveedores/hook.php:51                 
  inc/plugin.class.php:685                           plugin_comproveedores_uninstall()
  front/plugin.form.php:48                           Plugin->uninstall()
2018-04-16 14:55:32 [2@mins002]
  *** MySQL query error:
  SQL: DROP TABLE `glpi_plugin_comproveedores_cvs`
  Error: Unknown table 'glpibovis.glpi_plugin_comproveedores_cvs'
  Backtrace :
  plugins/comproveedores/hook.php:51                 
  inc/plugin.class.php:685                           plugin_comproveedores_uninstall()
  front/plugin.form.php:48                           Plugin->uninstall()
2018-04-16 14:55:38 [2@mins002]
  *** MySQL query error:
  SQL: SELECT * FROM glpi_users WHERE supplier_id=1
  Error: Unknown column 'supplier_id' in 'where clause'
  Backtrace :
  plugins/comproveedores/inc/user.class.php:81       
  plugins/comproveedores/inc/user.class.php:31       PluginComproveedoresUser->showFormItem()
  inc/commonglpi.class.php:482                       PluginComproveedoresUser::displayTabContentForItem()
  ajax/common.tabs.php:96                            CommonGLPI::displayStandardTab()
2018-04-16 14:55:40 [2@mins002]
  *** MySQL query error:
  SQL: UPDATE `glpi_users` SET supplier_id=1 WHERE id=7
  Error: Unknown column 'supplier_id' in 'field list'
  Backtrace :
  plugins/comproveedores/front/cv.form.php:61        
2018-04-16 14:55:41 [2@mins002]
  *** MySQL query error:
  SQL: SELECT * FROM glpi_users WHERE supplier_id=1
  Error: Unknown column 'supplier_id' in 'where clause'
  Backtrace :
  plugins/comproveedores/inc/user.class.php:81       
  plugins/comproveedores/inc/user.class.php:31       PluginComproveedoresUser->showFormItem()
  inc/commonglpi.class.php:482                       PluginComproveedoresUser::displayTabContentForItem()
  ajax/common.tabs.php:96                            CommonGLPI::displayStandardTab()
2018-04-16 14:55:47 [2@mins002]
  *** MySQL query error:
  SQL: UPDATE `glpi_users` SET supplier_id=1 WHERE id=7
  Error: Unknown column 'supplier_id' in 'field list'
  Backtrace :
  plugins/comproveedores/front/cv.form.php:61        
2018-04-16 14:55:48 [2@mins002]
  *** MySQL query error:
  SQL: SELECT * FROM glpi_users WHERE supplier_id=1
  Error: Unknown column 'supplier_id' in 'where clause'
  Backtrace :
  plugins/comproveedores/inc/user.class.php:81       
  plugins/comproveedores/inc/user.class.php:31       PluginComproveedoresUser->showFormItem()
  inc/commonglpi.class.php:482                       PluginComproveedoresUser::displayTabContentForItem()
  ajax/common.tabs.php:96                            CommonGLPI::displayStandardTab()
2018-04-16 14:56:21 [2@mins002]
  *** MySQL query error:
  SQL: DROP TABLE `glpi_plugin_comproveedores_comproveedores`
  Error: Unknown table 'glpibovis.glpi_plugin_comproveedores_comproveedores'
  Backtrace :
  plugins/comproveedores/hook.php:51                 
  inc/plugin.class.php:685                           plugin_comproveedores_uninstall()
  front/plugin.form.php:48                           Plugin->uninstall()
2018-04-16 14:56:21 [2@mins002]
  *** MySQL query error:
  SQL: DROP TABLE `glpi_plugin_comproveedores_cvs`
  Error: Unknown table 'glpibovis.glpi_plugin_comproveedores_cvs'
  Backtrace :
  plugins/comproveedores/hook.php:51                 
  inc/plugin.class.php:685                           plugin_comproveedores_uninstall()
  front/plugin.form.php:48                           Plugin->uninstall()
2018-04-16 14:56:42 [2@mins002]
  *** MySQL query error:
  SQL: SELECT * FROM glpi_users WHERE supplier_id=1
  Error: Unknown column 'supplier_id' in 'where clause'
  Backtrace :
  plugins/comproveedores/inc/user.class.php:81       
  plugins/comproveedores/inc/user.class.php:31       PluginComproveedoresUser->showFormItem()
  inc/commonglpi.class.php:482                       PluginComproveedoresUser::displayTabContentForItem()
  ajax/common.tabs.php:96                            CommonGLPI::displayStandardTab()
2018-04-16 14:56:46 [2@mins002]
  *** MySQL query error:
  SQL: UPDATE `glpi_users` SET supplier_id=1 WHERE id=7
  Error: Unknown column 'supplier_id' in 'field list'
  Backtrace :
  plugins/comproveedores/front/cv.form.php:61        
2018-04-16 14:56:46 [2@mins002]
  *** MySQL query error:
  SQL: SELECT * FROM glpi_users WHERE supplier_id=1
  Error: Unknown column 'supplier_id' in 'where clause'
  Backtrace :
  plugins/comproveedores/inc/user.class.php:81       
  plugins/comproveedores/inc/user.class.php:31       PluginComproveedoresUser->showFormItem()
  inc/commonglpi.class.php:482                       PluginComproveedoresUser::displayTabContentForItem()
  ajax/common.tabs.php:96                            CommonGLPI::displayStandardTab()
2018-04-16 14:56:55 [2@mins002]
  *** MySQL query error:
  SQL: UPDATE `glpi_users` SET supplier_id=1 WHERE id=7
  Error: Unknown column 'supplier_id' in 'field list'
  Backtrace :
  plugins/comproveedores/front/cv.form.php:61        
2018-04-16 14:56:55 [2@mins002]
  *** MySQL query error:
  SQL: SELECT * FROM glpi_users WHERE supplier_id=1
  Error: Unknown column 'supplier_id' in 'where clause'
  Backtrace :
  plugins/comproveedores/inc/user.class.php:81       
  plugins/comproveedores/inc/user.class.php:31       PluginComproveedoresUser->showFormItem()
  inc/commonglpi.class.php:482                       PluginComproveedoresUser::displayTabContentForItem()
  ajax/common.tabs.php:96                            CommonGLPI::displayStandardTab()
2018-04-16 14:58:28 [2@mins002]
  *** MySQL query error:
  SQL: DROP TABLE `glpi_plugin_comproveedores_comproveedores`
  Error: Unknown table 'glpibovis.glpi_plugin_comproveedores_comproveedores'
  Backtrace :
  plugins/comproveedores/hook.php:51                 
  inc/plugin.class.php:685                           plugin_comproveedores_uninstall()
  front/plugin.form.php:48                           Plugin->uninstall()
2018-04-16 14:58:28 [2@mins002]
  *** MySQL query error:
  SQL: DROP TABLE `glpi_plugin_comproveedores_cvs`
  Error: Unknown table 'glpibovis.glpi_plugin_comproveedores_cvs'
  Backtrace :
  plugins/comproveedores/hook.php:51                 
  inc/plugin.class.php:685                           plugin_comproveedores_uninstall()
  front/plugin.form.php:48                           Plugin->uninstall()
2018-04-18 08:21:39 [7@mins002]
  *** MySQL query error:
  SQL: UPDATE glpi_suppliers SET cvs_id=1 WHERE id=1
  Error: Unknown column 'cvs_id' in 'field list'
  Backtrace :
  plugins/comproveedores/front/cv.form.php:31        
2018-04-20 13:34:08 [2@mins002]
  *** MySQL query error:
  SQL: SHOW COLUMNS FROM `glpi_plugin_comproveedores_communities`
  Error: Table 'glpibovis.glpi_plugin_comproveedores_communities' doesn't exist
  Backtrace :
  inc/dbmysql.class.php:402                          
  inc/commondbtm.class.php:365                       DBmysql->list_fields()
  inc/commondbtm.class.php:3045                      CommonDBTM->getEmpty()
  inc/dropdown.class.php:233                         CommonDBTM->isField()
  ...ins/comproveedores/inc/experience.class.php:199 Dropdown::show()
  plugins/comproveedores/inc/experience.class.php:33 PluginComproveedoresExperience->showFormItemExperience()
  plugins/comproveedores/inc/cv.class.php:301        PluginComproveedoresExperience::displayTabContentForItem()
  inc/commonglpi.class.php:472                       PluginComproveedoresCv->showForm()
  ajax/common.tabs.php:96                            CommonGLPI::displayStandardTab()
2018-04-20 13:34:08 [2@mins002]
  *** MySQL query error:
  SQL: SELECT * FROM glpi_plugin_comproveedores_experiences WHERE cv_id=1
  Error: Table 'glpibovis.glpi_plugin_comproveedores_experiences' doesn't exist
  Backtrace :
  ...ins/comproveedores/inc/experience.class.php:281 
  plugins/comproveedores/inc/experience.class.php:33 PluginComproveedoresExperience->showFormItemExperience()
  plugins/comproveedores/inc/cv.class.php:301        PluginComproveedoresExperience::displayTabContentForItem()
  inc/commonglpi.class.php:472                       PluginComproveedoresCv->showForm()
  ajax/common.tabs.php:96                            CommonGLPI::displayStandardTab()
2018-04-20 13:34:15 [2@mins002]
  *** MySQL query error:
  SQL: 

UPDATE `glpi_suppliers` SET cv_id=NULL;
  Error: Unknown column 'cv_id' in 'field list'
  Backtrace :
  inc/dbmysql.class.php:503                          
  plugins/comproveedores/hook.php:52                 DBmysql->runFile()
  inc/plugin.class.php:685                           plugin_comproveedores_uninstall()
  front/plugin.form.php:48                           Plugin->uninstall()
2018-04-20 13:34:15 [2@mins002]
  *** MySQL query error:
  SQL: DROP TABLE `glpi_plugin_comproveedores_experiences`
  Error: Unknown table 'glpibovis.glpi_plugin_comproveedores_experiences'
  Backtrace :
  plugins/comproveedores/hook.php:57                 
  inc/plugin.class.php:685                           plugin_comproveedores_uninstall()
  front/plugin.form.php:48                           Plugin->uninstall()
2018-04-20 13:40:08 [2@mins002]
  *** MySQL query error:
  SQL: 
INSERT INTO `glpi_plugin_comproveedores_communities` (`id`, `name`) VALUES
(1, 'Andalucía'),
(2,	'Aragón'),
(3, 'Principado de Asturias'),
(4, 'Illes Balears'),
(5, 'Canarias'),
(6, 'Cantabria'),
(7, 'Castilla y León'),
(8, 'Castilla - La Mancha'),
(9, 'Cataluña'),
(10, 'Comunitat Valenciana'),
(11, 'Extremadura'),
(12, 'Galicia'),
(13, 'Comunidad de Madrid '),
(14, 'Región de Murcia'),
(15, 'Comunidad Foral de Navarra'),
(16, 'País Vasco'),
(17, 'La Rioja'),
(18, 'Ceuta'),
(19, 'Melilla');

  Error: Duplicate entry '1' for key 'PRIMARY'
  Backtrace :
  inc/dbmysql.class.php:503                          
  plugins/comproveedores/hook.php:32                 DBmysql->runFile()
  inc/plugin.class.php:731                           plugin_comproveedores_install()
  front/plugin.form.php:48                           Plugin->install()
2018-04-20 13:40:08 [2@mins002]
  *** MySQL query error:
  SQL: 
INSERT INTO `glpi_plugin_comproveedores_communities` (`id`, `name`) VALUES
(1, 'Andalucía'),
(2,	'Aragón'),
(3, 'Principado de Asturias'),
(4, 'Illes Balears'),
(5, 'Canarias'),
(6, 'Cantabria'),
(7, 'Castilla y León'),
(8, 'Castilla - La Mancha'),
(9, 'Cataluña'),
(10, 'Comunitat Valenciana'),
(11, 'Extremadura'),
(12, 'Galicia'),
(13, 'Comunidad de Madrid '),
(14, 'Región de Murcia'),
(15, 'Comunidad Foral de Navarra'),
(16, 'País Vasco'),
(17, 'La Rioja'),
(18, 'Ceuta'),
(19, 'Melilla');

  Error: Duplicate entry '1' for key 'PRIMARY'
  Backtrace :
  inc/dbmysql.class.php:503                          
  plugins/comproveedores/hook.php:32                 DBmysql->runFile()
  inc/plugin.class.php:731                           plugin_comproveedores_install()
  front/plugin.form.php:48                           Plugin->install()
2018-04-26 12:51:08 [2@POR114]
  *** MySQL query error:
  SQL: DROP TABLE `glpi_plugin_comproveedores_categories`;

  Error: Unknown table 'glpibovis.glpi_plugin_comproveedores_categories'
  Backtrace :
  inc\dbmysql.class.php:503                          
  plugins\comproveedores\hook.php:52                 DBmysql->runFile()
  inc\plugin.class.php:685                           plugin_comproveedores_uninstall()
  :                                                  Plugin->uninstall()
  front\plugin.form.php:48                           call_user_func()
2018-04-26 12:51:08 [2@POR114]
  *** MySQL query error:
  SQL: DROP TABLE `glpi_plugin_comproveedores_categories`;
DROP TABLE `glpi_plugin_comproveedores_communities`;

  Error: You have an error in your SQL syntax; check the manual that corresponds to your MySQL server version for the right syntax to use near 'DROP TABLE `glpi_plugin_comproveedores_communities`' at line 2
  Backtrace :
  inc\dbmysql.class.php:503                          
  plugins\comproveedores\hook.php:52                 DBmysql->runFile()
  inc\plugin.class.php:685                           plugin_comproveedores_uninstall()
  :                                                  Plugin->uninstall()
  front\plugin.form.php:48                           call_user_func()
2018-04-26 12:51:08 [2@POR114]
  *** MySQL query error:
  SQL: DROP TABLE `glpi_plugin_comproveedores_categories`;
DROP TABLE `glpi_plugin_comproveedores_communities`;
DROP TABLE `glpi_plugin_comproveedores_comproveedores`;

  Error: You have an error in your SQL syntax; check the manual that corresponds to your MySQL server version for the right syntax to use near 'DROP TABLE `glpi_plugin_comproveedores_communities`;
DROP TABLE `glpi_plugin_com' at line 2
  Backtrace :
  inc\dbmysql.class.php:503                          
  plugins\comproveedores\hook.php:52                 DBmysql->runFile()
  inc\plugin.class.php:685                           plugin_comproveedores_uninstall()
  :                                                  Plugin->uninstall()
  front\plugin.form.php:48                           call_user_func()
2018-04-26 12:51:08 [2@POR114]
  *** MySQL query error:
  SQL: DROP TABLE `glpi_plugin_comproveedores_categories`;
DROP TABLE `glpi_plugin_comproveedores_communities`;
DROP TABLE `glpi_plugin_comproveedores_comproveedores`;
DROP TABLE `glpi_plugin_comproveedores_cvs`;

  Error: You have an error in your SQL syntax; check the manual that corresponds to your MySQL server version for the right syntax to use near 'DROP TABLE `glpi_plugin_comproveedores_communities`;
DROP TABLE `glpi_plugin_com' at line 2
  Backtrace :
  inc\dbmysql.class.php:503                          
  plugins\comproveedores\hook.php:52                 DBmysql->runFile()
  inc\plugin.class.php:685                           plugin_comproveedores_uninstall()
  :                                                  Plugin->uninstall()
  front\plugin.form.php:48                           call_user_func()
2018-04-26 12:51:08 [2@POR114]
  *** MySQL query error:
  SQL: DROP TABLE `glpi_plugin_comproveedores_categories`;
DROP TABLE `glpi_plugin_comproveedores_communities`;
DROP TABLE `glpi_plugin_comproveedores_comproveedores`;
DROP TABLE `glpi_plugin_comproveedores_cvs`;
DROP TABLE `glpi_plugin_comproveedores_experiences`;

  Error: You have an error in your SQL syntax; check the manual that corresponds to your MySQL server version for the right syntax to use near 'DROP TABLE `glpi_plugin_comproveedores_communities`;
DROP TABLE `glpi_plugin_com' at line 2
  Backtrace :
  inc\dbmysql.class.php:503                          
  plugins\comproveedores\hook.php:52                 DBmysql->runFile()
  inc\plugin.class.php:685                           plugin_comproveedores_uninstall()
  :                                                  Plugin->uninstall()
  front\plugin.form.php:48                           call_user_func()
2018-04-26 12:51:08 [2@POR114]
  *** MySQL query error:
  SQL: DROP TABLE `glpi_plugin_comproveedores_categories`;
DROP TABLE `glpi_plugin_comproveedores_communities`;
DROP TABLE `glpi_plugin_comproveedores_comproveedores`;
DROP TABLE `glpi_plugin_comproveedores_cvs`;
DROP TABLE `glpi_plugin_comproveedores_experiences`;
DROP TABLE `glpi_plugin_comproveedores_listspecialties`;

  Error: You have an error in your SQL syntax; check the manual that corresponds to your MySQL server version for the right syntax to use near 'DROP TABLE `glpi_plugin_comproveedores_communities`;
DROP TABLE `glpi_plugin_com' at line 2
  Backtrace :
  inc\dbmysql.class.php:503                          
  plugins\comproveedores\hook.php:52                 DBmysql->runFile()
  inc\plugin.class.php:685                           plugin_comproveedores_uninstall()
  :                                                  Plugin->uninstall()
  front\plugin.form.php:48                           call_user_func()
2018-04-26 12:51:08 [2@POR114]
  *** MySQL query error:
  SQL: DROP TABLE `glpi_plugin_comproveedores_categories`;
DROP TABLE `glpi_plugin_comproveedores_communities`;
DROP TABLE `glpi_plugin_comproveedores_comproveedores`;
DROP TABLE `glpi_plugin_comproveedores_cvs`;
DROP TABLE `glpi_plugin_comproveedores_experiences`;
DROP TABLE `glpi_plugin_comproveedores_listspecialties`;
DROP TABLE `glpi_plugin_comproveedores_roltypes`;

  Error: You have an error in your SQL syntax; check the manual that corresponds to your MySQL server version for the right syntax to use near 'DROP TABLE `glpi_plugin_comproveedores_communities`;
DROP TABLE `glpi_plugin_com' at line 2
  Backtrace :
  inc\dbmysql.class.php:503                          
  plugins\comproveedores\hook.php:52                 DBmysql->runFile()
  inc\plugin.class.php:685                           plugin_comproveedores_uninstall()
  :                                                  Plugin->uninstall()
  front\plugin.form.php:48                           call_user_func()
2018-04-26 12:51:08 [2@POR114]
  *** MySQL query error:
  SQL: DROP TABLE `glpi_plugin_comproveedores_categories`;
DROP TABLE `glpi_plugin_comproveedores_communities`;
DROP TABLE `glpi_plugin_comproveedores_comproveedores`;
DROP TABLE `glpi_plugin_comproveedores_cvs`;
DROP TABLE `glpi_plugin_comproveedores_experiences`;
DROP TABLE `glpi_plugin_comproveedores_listspecialties`;
DROP TABLE `glpi_plugin_comproveedores_roltypes`;
DROP TABLE `glpi_plugin_comproveedores_specialties`;

  Error: You have an error in your SQL syntax; check the manual that corresponds to your MySQL server version for the right syntax to use near 'DROP TABLE `glpi_plugin_comproveedores_communities`;
DROP TABLE `glpi_plugin_com' at line 2
  Backtrace :
  inc\dbmysql.class.php:503                          
  plugins\comproveedores\hook.php:52                 DBmysql->runFile()
  inc\plugin.class.php:685                           plugin_comproveedores_uninstall()
  :                                                  Plugin->uninstall()
  front\plugin.form.php:48                           call_user_func()
2018-04-26 12:51:08 [2@POR114]
  *** MySQL query error:
  SQL: DROP TABLE `glpi_plugin_comproveedores_categories`;
DROP TABLE `glpi_plugin_comproveedores_communities`;
DROP TABLE `glpi_plugin_comproveedores_comproveedores`;
DROP TABLE `glpi_plugin_comproveedores_cvs`;
DROP TABLE `glpi_plugin_comproveedores_experiences`;
DROP TABLE `glpi_plugin_comproveedores_listspecialties`;
DROP TABLE `glpi_plugin_comproveedores_roltypes`;
DROP TABLE `glpi_plugin_comproveedores_specialties`;


  Error: You have an error in your SQL syntax; check the manual that corresponds to your MySQL server version for the right syntax to use near 'DROP TABLE `glpi_plugin_comproveedores_communities`;
DROP TABLE `glpi_plugin_com' at line 2
  Backtrace :
  inc\dbmysql.class.php:503                          
  plugins\comproveedores\hook.php:52                 DBmysql->runFile()
  inc\plugin.class.php:685                           plugin_comproveedores_uninstall()
  :                                                  Plugin->uninstall()
  front\plugin.form.php:48                           call_user_func()
2018-04-26 12:51:08 [2@POR114]
  *** MySQL query error:
  SQL: DROP TABLE `glpi_plugin_comproveedores_categories`;
DROP TABLE `glpi_plugin_comproveedores_communities`;
DROP TABLE `glpi_plugin_comproveedores_comproveedores`;
DROP TABLE `glpi_plugin_comproveedores_cvs`;
DROP TABLE `glpi_plugin_comproveedores_experiences`;
DROP TABLE `glpi_plugin_comproveedores_listspecialties`;
DROP TABLE `glpi_plugin_comproveedores_roltypes`;
DROP TABLE `glpi_plugin_comproveedores_specialties`;

ALTER TABLE `glpi_users` DROP COLUMN  `supplier_id`;

  Error: You have an error in your SQL syntax; check the manual that corresponds to your MySQL server version for the right syntax to use near 'DROP TABLE `glpi_plugin_comproveedores_communities`;
DROP TABLE `glpi_plugin_com' at line 2
  Backtrace :
  inc\dbmysql.class.php:503                          
  plugins\comproveedores\hook.php:52                 DBmysql->runFile()
  inc\plugin.class.php:685                           plugin_comproveedores_uninstall()
  :                                                  Plugin->uninstall()
  front\plugin.form.php:48                           call_user_func()
2018-04-26 12:51:08 [2@POR114]
  *** MySQL query error:
  SQL: DROP TABLE `glpi_plugin_comproveedores_categories`;
DROP TABLE `glpi_plugin_comproveedores_communities`;
DROP TABLE `glpi_plugin_comproveedores_comproveedores`;
DROP TABLE `glpi_plugin_comproveedores_cvs`;
DROP TABLE `glpi_plugin_comproveedores_experiences`;
DROP TABLE `glpi_plugin_comproveedores_listspecialties`;
DROP TABLE `glpi_plugin_comproveedores_roltypes`;
DROP TABLE `glpi_plugin_comproveedores_specialties`;

ALTER TABLE `glpi_users` DROP COLUMN  `supplier_id`;


  Error: You have an error in your SQL syntax; check the manual that corresponds to your MySQL server version for the right syntax to use near 'DROP TABLE `glpi_plugin_comproveedores_communities`;
DROP TABLE `glpi_plugin_com' at line 2
  Backtrace :
  inc\dbmysql.class.php:503                          
  plugins\comproveedores\hook.php:52                 DBmysql->runFile()
  inc\plugin.class.php:685                           plugin_comproveedores_uninstall()
  :                                                  Plugin->uninstall()
  front\plugin.form.php:48                           call_user_func()
2018-04-26 12:51:08 [2@POR114]
  *** MySQL query error:
  SQL: DROP TABLE `glpi_plugin_comproveedores_categories`;
DROP TABLE `glpi_plugin_comproveedores_communities`;
DROP TABLE `glpi_plugin_comproveedores_comproveedores`;
DROP TABLE `glpi_plugin_comproveedores_cvs`;
DROP TABLE `glpi_plugin_comproveedores_experiences`;
DROP TABLE `glpi_plugin_comproveedores_listspecialties`;
DROP TABLE `glpi_plugin_comproveedores_roltypes`;
DROP TABLE `glpi_plugin_comproveedores_specialties`;

ALTER TABLE `glpi_users` DROP COLUMN  `supplier_id`;

ALTER TABLE `glpi_profiles` DROP COLUMN  `create_cv_on_login`;

  Error: You have an error in your SQL syntax; check the manual that corresponds to your MySQL server version for the right syntax to use near 'DROP TABLE `glpi_plugin_comproveedores_communities`;
DROP TABLE `glpi_plugin_com' at line 2
  Backtrace :
  inc\dbmysql.class.php:503                          
  plugins\comproveedores\hook.php:52                 DBmysql->runFile()
  inc\plugin.class.php:685                           plugin_comproveedores_uninstall()
  :                                                  Plugin->uninstall()
  front\plugin.form.php:48                           call_user_func()
2018-04-26 12:51:08 [2@POR114]
  *** MySQL query error:
  SQL: DROP TABLE `glpi_plugin_comproveedores_categories`;
DROP TABLE `glpi_plugin_comproveedores_communities`;
DROP TABLE `glpi_plugin_comproveedores_comproveedores`;
DROP TABLE `glpi_plugin_comproveedores_cvs`;
DROP TABLE `glpi_plugin_comproveedores_experiences`;
DROP TABLE `glpi_plugin_comproveedores_listspecialties`;
DROP TABLE `glpi_plugin_comproveedores_roltypes`;
DROP TABLE `glpi_plugin_comproveedores_specialties`;

ALTER TABLE `glpi_users` DROP COLUMN  `supplier_id`;

ALTER TABLE `glpi_profiles` DROP COLUMN  `create_cv_on_login`;


  Error: You have an error in your SQL syntax; check the manual that corresponds to your MySQL server version for the right syntax to use near 'DROP TABLE `glpi_plugin_comproveedores_communities`;
DROP TABLE `glpi_plugin_com' at line 2
  Backtrace :
  inc\dbmysql.class.php:503                          
  plugins\comproveedores\hook.php:52                 DBmysql->runFile()
  inc\plugin.class.php:685                           plugin_comproveedores_uninstall()
  :                                                  Plugin->uninstall()
  front\plugin.form.php:48                           call_user_func()
2018-04-26 12:51:08 [2@POR114]
  *** MySQL query error:
  SQL: DROP TABLE `glpi_plugin_comproveedores_categories`;
DROP TABLE `glpi_plugin_comproveedores_communities`;
DROP TABLE `glpi_plugin_comproveedores_comproveedores`;
DROP TABLE `glpi_plugin_comproveedores_cvs`;
DROP TABLE `glpi_plugin_comproveedores_experiences`;
DROP TABLE `glpi_plugin_comproveedores_listspecialties`;
DROP TABLE `glpi_plugin_comproveedores_roltypes`;
DROP TABLE `glpi_plugin_comproveedores_specialties`;

ALTER TABLE `glpi_users` DROP COLUMN  `supplier_id`;

ALTER TABLE `glpi_profiles` DROP COLUMN  `create_cv_on_login`;



  Error: You have an error in your SQL syntax; check the manual that corresponds to your MySQL server version for the right syntax to use near 'DROP TABLE `glpi_plugin_comproveedores_communities`;
DROP TABLE `glpi_plugin_com' at line 2
  Backtrace :
  inc\dbmysql.class.php:503                          
  plugins\comproveedores\hook.php:52                 DBmysql->runFile()
  inc\plugin.class.php:685                           plugin_comproveedores_uninstall()
  :                                                  Plugin->uninstall()
  front\plugin.form.php:48                           call_user_func()
2018-04-26 12:51:08 [2@POR114]
  *** MySQL query error:
  SQL: DROP TABLE `glpi_plugin_comproveedores_categories`;
DROP TABLE `glpi_plugin_comproveedores_communities`;
DROP TABLE `glpi_plugin_comproveedores_comproveedores`;
DROP TABLE `glpi_plugin_comproveedores_cvs`;
DROP TABLE `glpi_plugin_comproveedores_experiences`;
DROP TABLE `glpi_plugin_comproveedores_listspecialties`;
DROP TABLE `glpi_plugin_comproveedores_roltypes`;
DROP TABLE `glpi_plugin_comproveedores_specialties`;

ALTER TABLE `glpi_users` DROP COLUMN  `supplier_id`;

ALTER TABLE `glpi_profiles` DROP COLUMN  `create_cv_on_login`;


ALTER TABLE `glpi_suppliers` DROP COLUMN  `cv_id`;

  Error: You have an error in your SQL syntax; check the manual that corresponds to your MySQL server version for the right syntax to use near 'DROP TABLE `glpi_plugin_comproveedores_communities`;
DROP TABLE `glpi_plugin_com' at line 2
  Backtrace :
  inc\dbmysql.class.php:503                          
  plugins\comproveedores\hook.php:52                 DBmysql->runFile()
  inc\plugin.class.php:685                           plugin_comproveedores_uninstall()
  :                                                  Plugin->uninstall()
  front\plugin.form.php:48                           call_user_func()
2018-04-26 12:51:08 [2@POR114]
  *** MySQL query error:
  SQL: DROP TABLE `glpi_plugin_comproveedores_categories`;
DROP TABLE `glpi_plugin_comproveedores_communities`;
DROP TABLE `glpi_plugin_comproveedores_comproveedores`;
DROP TABLE `glpi_plugin_comproveedores_cvs`;
DROP TABLE `glpi_plugin_comproveedores_experiences`;
DROP TABLE `glpi_plugin_comproveedores_listspecialties`;
DROP TABLE `glpi_plugin_comproveedores_roltypes`;
DROP TABLE `glpi_plugin_comproveedores_specialties`;

ALTER TABLE `glpi_users` DROP COLUMN  `supplier_id`;

ALTER TABLE `glpi_profiles` DROP COLUMN  `create_cv_on_login`;


ALTER TABLE `glpi_suppliers` DROP COLUMN  `cv_id`;
ALTER TABLE `glpi_suppliers` DROP COLUMN  `cif`;

  Error: You have an error in your SQL syntax; check the manual that corresponds to your MySQL server version for the right syntax to use near 'DROP TABLE `glpi_plugin_comproveedores_communities`;
DROP TABLE `glpi_plugin_com' at line 2
  Backtrace :
  inc\dbmysql.class.php:503                          
  plugins\comproveedores\hook.php:52                 DBmysql->runFile()
  inc\plugin.class.php:685                           plugin_comproveedores_uninstall()
  :                                                  Plugin->uninstall()
  front\plugin.form.php:48                           call_user_func()
2018-04-26 12:51:08 [2@POR114]
  *** MySQL query error:
  SQL: DROP TABLE `glpi_plugin_comproveedores_categories`;
DROP TABLE `glpi_plugin_comproveedores_communities`;
DROP TABLE `glpi_plugin_comproveedores_comproveedores`;
DROP TABLE `glpi_plugin_comproveedores_cvs`;
DROP TABLE `glpi_plugin_comproveedores_experiences`;
DROP TABLE `glpi_plugin_comproveedores_listspecialties`;
DROP TABLE `glpi_plugin_comproveedores_roltypes`;
DROP TABLE `glpi_plugin_comproveedores_specialties`;

ALTER TABLE `glpi_users` DROP COLUMN  `supplier_id`;

ALTER TABLE `glpi_profiles` DROP COLUMN  `create_cv_on_login`;


ALTER TABLE `glpi_suppliers` DROP COLUMN  `cv_id`;
ALTER TABLE `glpi_suppliers` DROP COLUMN  `cif`;
ALTER TABLE `glpi_suppliers` DROP COLUMN `forma_juridica`;

  Error: You have an error in your SQL syntax; check the manual that corresponds to your MySQL server version for the right syntax to use near 'DROP TABLE `glpi_plugin_comproveedores_communities`;
DROP TABLE `glpi_plugin_com' at line 2
  Backtrace :
  inc\dbmysql.class.php:503                          
  plugins\comproveedores\hook.php:52                 DBmysql->runFile()
  inc\plugin.class.php:685                           plugin_comproveedores_uninstall()
  :                                                  Plugin->uninstall()
  front\plugin.form.php:48                           call_user_func()
2018-04-26 12:51:08 [2@POR114]
  *** MySQL query error:
  SQL: DROP TABLE `glpi_plugin_comproveedores_categories`;
DROP TABLE `glpi_plugin_comproveedores_communities`;
DROP TABLE `glpi_plugin_comproveedores_comproveedores`;
DROP TABLE `glpi_plugin_comproveedores_cvs`;
DROP TABLE `glpi_plugin_comproveedores_experiences`;
DROP TABLE `glpi_plugin_comproveedores_listspecialties`;
DROP TABLE `glpi_plugin_comproveedores_roltypes`;
DROP TABLE `glpi_plugin_comproveedores_specialties`;

ALTER TABLE `glpi_users` DROP COLUMN  `supplier_id`;

ALTER TABLE `glpi_profiles` DROP COLUMN  `create_cv_on_login`;


ALTER TABLE `glpi_suppliers` DROP COLUMN  `cv_id`;
ALTER TABLE `glpi_suppliers` DROP COLUMN  `cif`;
ALTER TABLE `glpi_suppliers` DROP COLUMN `forma_juridica`;
ALTER TABLE `glpi_suppliers` DROP COLUMN `locations_id`;

  Error: You have an error in your SQL syntax; check the manual that corresponds to your MySQL server version for the right syntax to use near 'DROP TABLE `glpi_plugin_comproveedores_communities`;
DROP TABLE `glpi_plugin_com' at line 2
  Backtrace :
  inc\dbmysql.class.php:503                          
  plugins\comproveedores\hook.php:52                 DBmysql->runFile()
  inc\plugin.class.php:685                           plugin_comproveedores_uninstall()
  :                                                  Plugin->uninstall()
  front\plugin.form.php:48                           call_user_func()
2018-04-26 12:51:08 [2@POR114]
  *** MySQL query error:
  SQL: DROP TABLE `glpi_plugin_comproveedores_categories`;
DROP TABLE `glpi_plugin_comproveedores_communities`;
DROP TABLE `glpi_plugin_comproveedores_comproveedores`;
DROP TABLE `glpi_plugin_comproveedores_cvs`;
DROP TABLE `glpi_plugin_comproveedores_experiences`;
DROP TABLE `glpi_plugin_comproveedores_listspecialties`;
DROP TABLE `glpi_plugin_comproveedores_roltypes`;
DROP TABLE `glpi_plugin_comproveedores_specialties`;

ALTER TABLE `glpi_users` DROP COLUMN  `supplier_id`;

ALTER TABLE `glpi_profiles` DROP COLUMN  `create_cv_on_login`;


ALTER TABLE `glpi_suppliers` DROP COLUMN  `cv_id`;
ALTER TABLE `glpi_suppliers` DROP COLUMN  `cif`;
ALTER TABLE `glpi_suppliers` DROP COLUMN `forma_juridica`;
ALTER TABLE `glpi_suppliers` DROP COLUMN `locations_id`;


  Error: You have an error in your SQL syntax; check the manual that corresponds to your MySQL server version for the right syntax to use near 'DROP TABLE `glpi_plugin_comproveedores_communities`;
DROP TABLE `glpi_plugin_com' at line 2
  Backtrace :
  inc\dbmysql.class.php:503                          
  plugins\comproveedores\hook.php:52                 DBmysql->runFile()
  inc\plugin.class.php:685                           plugin_comproveedores_uninstall()
  :                                                  Plugin->uninstall()
  front\plugin.form.php:48                           call_user_func()
2018-04-26 12:51:08 [2@POR114]
  *** MySQL query error:
  SQL: DROP TABLE `glpi_plugin_comproveedores_categories`;
DROP TABLE `glpi_plugin_comproveedores_communities`;
DROP TABLE `glpi_plugin_comproveedores_comproveedores`;
DROP TABLE `glpi_plugin_comproveedores_cvs`;
DROP TABLE `glpi_plugin_comproveedores_experiences`;
DROP TABLE `glpi_plugin_comproveedores_listspecialties`;
DROP TABLE `glpi_plugin_comproveedores_roltypes`;
DROP TABLE `glpi_plugin_comproveedores_specialties`;

ALTER TABLE `glpi_users` DROP COLUMN  `supplier_id`;

ALTER TABLE `glpi_profiles` DROP COLUMN  `create_cv_on_login`;


ALTER TABLE `glpi_suppliers` DROP COLUMN  `cv_id`;
ALTER TABLE `glpi_suppliers` DROP COLUMN  `cif`;
ALTER TABLE `glpi_suppliers` DROP COLUMN `forma_juridica`;
ALTER TABLE `glpi_suppliers` DROP COLUMN `locations_id`;


  Error: You have an error in your SQL syntax; check the manual that corresponds to your MySQL server version for the right syntax to use near 'DROP TABLE `glpi_plugin_comproveedores_communities`;
DROP TABLE `glpi_plugin_com' at line 2
  Backtrace :
  inc\dbmysql.class.php:503                          
  plugins\comproveedores\hook.php:52                 DBmysql->runFile()
  inc\plugin.class.php:685                           plugin_comproveedores_uninstall()
  :                                                  Plugin->uninstall()
  front\plugin.form.php:48                           call_user_func()
2018-04-26 12:51:45 [2@POR114]
  *** MySQL query error:
  SQL: SHOW COLUMNS FROM `glpi_plugin_comproveedores_communities`
  Error: Table 'glpibovis.glpi_plugin_comproveedores_communities' doesn't exist
  Backtrace :
  inc\dbmysql.class.php:402                          
  inc\commondbtm.class.php:365                       DBmysql->list_fields()
  inc\commondbtm.class.php:3045                      CommonDBTM->getEmpty()
  inc\dropdown.class.php:233                         CommonDBTM->isField()
  ...ins\comproveedores\inc\experience.class.php:407 Dropdown::show()
  plugins\comproveedores\inc\experience.class.php:32 PluginComproveedoresExperience->showFormItemExperience()
  inc\commonglpi.class.php:482                       PluginComproveedoresExperience::displayTabContentForItem()
  ajax\common.tabs.php:96                            CommonGLPI::displayStandardTab()
2018-04-26 12:52:17 [2@POR114]
  *** MySQL query error:
  SQL: DROP TABLE `glpi_plugin_comproveedores_categories`;

  Error: Unknown table 'glpibovis.glpi_plugin_comproveedores_categories'
  Backtrace :
  inc\dbmysql.class.php:503                          
  plugins\comproveedores\hook.php:52                 DBmysql->runFile()
  inc\plugin.class.php:685                           plugin_comproveedores_uninstall()
  :                                                  Plugin->uninstall()
  front\plugin.form.php:48                           call_user_func()
2018-04-26 12:52:17 [2@POR114]
  *** MySQL query error:
  SQL: DROP TABLE `glpi_plugin_comproveedores_categories`;
DROP TABLE `glpi_plugin_comproveedores_communities`;

  Error: You have an error in your SQL syntax; check the manual that corresponds to your MySQL server version for the right syntax to use near 'DROP TABLE `glpi_plugin_comproveedores_communities`' at line 2
  Backtrace :
  inc\dbmysql.class.php:503                          
  plugins\comproveedores\hook.php:52                 DBmysql->runFile()
  inc\plugin.class.php:685                           plugin_comproveedores_uninstall()
  :                                                  Plugin->uninstall()
  front\plugin.form.php:48                           call_user_func()
2018-04-26 12:52:18 [2@POR114]
  *** MySQL query error:
  SQL: DROP TABLE `glpi_plugin_comproveedores_categories`;
DROP TABLE `glpi_plugin_comproveedores_communities`;
DROP TABLE `glpi_plugin_comproveedores_comproveedores`;

  Error: You have an error in your SQL syntax; check the manual that corresponds to your MySQL server version for the right syntax to use near 'DROP TABLE `glpi_plugin_comproveedores_communities`;
DROP TABLE `glpi_plugin_com' at line 2
  Backtrace :
  inc\dbmysql.class.php:503                          
  plugins\comproveedores\hook.php:52                 DBmysql->runFile()
  inc\plugin.class.php:685                           plugin_comproveedores_uninstall()
  :                                                  Plugin->uninstall()
  front\plugin.form.php:48                           call_user_func()
2018-04-26 12:52:18 [2@POR114]
  *** MySQL query error:
  SQL: DROP TABLE `glpi_plugin_comproveedores_categories`;
DROP TABLE `glpi_plugin_comproveedores_communities`;
DROP TABLE `glpi_plugin_comproveedores_comproveedores`;
DROP TABLE `glpi_plugin_comproveedores_cvs`;

  Error: You have an error in your SQL syntax; check the manual that corresponds to your MySQL server version for the right syntax to use near 'DROP TABLE `glpi_plugin_comproveedores_communities`;
DROP TABLE `glpi_plugin_com' at line 2
  Backtrace :
  inc\dbmysql.class.php:503                          
  plugins\comproveedores\hook.php:52                 DBmysql->runFile()
  inc\plugin.class.php:685                           plugin_comproveedores_uninstall()
  :                                                  Plugin->uninstall()
  front\plugin.form.php:48                           call_user_func()
2018-04-26 12:52:18 [2@POR114]
  *** MySQL query error:
  SQL: DROP TABLE `glpi_plugin_comproveedores_categories`;
DROP TABLE `glpi_plugin_comproveedores_communities`;
DROP TABLE `glpi_plugin_comproveedores_comproveedores`;
DROP TABLE `glpi_plugin_comproveedores_cvs`;
DROP TABLE `glpi_plugin_comproveedores_experiences`;

  Error: You have an error in your SQL syntax; check the manual that corresponds to your MySQL server version for the right syntax to use near 'DROP TABLE `glpi_plugin_comproveedores_communities`;
DROP TABLE `glpi_plugin_com' at line 2
  Backtrace :
  inc\dbmysql.class.php:503                          
  plugins\comproveedores\hook.php:52                 DBmysql->runFile()
  inc\plugin.class.php:685                           plugin_comproveedores_uninstall()
  :                                                  Plugin->uninstall()
  front\plugin.form.php:48                           call_user_func()
2018-04-26 12:52:18 [2@POR114]
  *** MySQL query error:
  SQL: DROP TABLE `glpi_plugin_comproveedores_categories`;
DROP TABLE `glpi_plugin_comproveedores_communities`;
DROP TABLE `glpi_plugin_comproveedores_comproveedores`;
DROP TABLE `glpi_plugin_comproveedores_cvs`;
DROP TABLE `glpi_plugin_comproveedores_experiences`;
DROP TABLE `glpi_plugin_comproveedores_listspecialties`;

  Error: You have an error in your SQL syntax; check the manual that corresponds to your MySQL server version for the right syntax to use near 'DROP TABLE `glpi_plugin_comproveedores_communities`;
DROP TABLE `glpi_plugin_com' at line 2
  Backtrace :
  inc\dbmysql.class.php:503                          
  plugins\comproveedores\hook.php:52                 DBmysql->runFile()
  inc\plugin.class.php:685                           plugin_comproveedores_uninstall()
  :                                                  Plugin->uninstall()
  front\plugin.form.php:48                           call_user_func()
2018-04-26 12:52:18 [2@POR114]
  *** MySQL query error:
  SQL: DROP TABLE `glpi_plugin_comproveedores_categories`;
DROP TABLE `glpi_plugin_comproveedores_communities`;
DROP TABLE `glpi_plugin_comproveedores_comproveedores`;
DROP TABLE `glpi_plugin_comproveedores_cvs`;
DROP TABLE `glpi_plugin_comproveedores_experiences`;
DROP TABLE `glpi_plugin_comproveedores_listspecialties`;
DROP TABLE `glpi_plugin_comproveedores_roltypes`;

  Error: You have an error in your SQL syntax; check the manual that corresponds to your MySQL server version for the right syntax to use near 'DROP TABLE `glpi_plugin_comproveedores_communities`;
DROP TABLE `glpi_plugin_com' at line 2
  Backtrace :
  inc\dbmysql.class.php:503                          
  plugins\comproveedores\hook.php:52                 DBmysql->runFile()
  inc\plugin.class.php:685                           plugin_comproveedores_uninstall()
  :                                                  Plugin->uninstall()
  front\plugin.form.php:48                           call_user_func()
2018-04-26 12:52:18 [2@POR114]
  *** MySQL query error:
  SQL: DROP TABLE `glpi_plugin_comproveedores_categories`;
DROP TABLE `glpi_plugin_comproveedores_communities`;
DROP TABLE `glpi_plugin_comproveedores_comproveedores`;
DROP TABLE `glpi_plugin_comproveedores_cvs`;
DROP TABLE `glpi_plugin_comproveedores_experiences`;
DROP TABLE `glpi_plugin_comproveedores_listspecialties`;
DROP TABLE `glpi_plugin_comproveedores_roltypes`;
DROP TABLE `glpi_plugin_comproveedores_specialties`;

  Error: You have an error in your SQL syntax; check the manual that corresponds to your MySQL server version for the right syntax to use near 'DROP TABLE `glpi_plugin_comproveedores_communities`;
DROP TABLE `glpi_plugin_com' at line 2
  Backtrace :
  inc\dbmysql.class.php:503                          
  plugins\comproveedores\hook.php:52                 DBmysql->runFile()
  inc\plugin.class.php:685                           plugin_comproveedores_uninstall()
  :                                                  Plugin->uninstall()
  front\plugin.form.php:48                           call_user_func()
2018-04-26 12:52:18 [2@POR114]
  *** MySQL query error:
  SQL: DROP TABLE `glpi_plugin_comproveedores_categories`;
DROP TABLE `glpi_plugin_comproveedores_communities`;
DROP TABLE `glpi_plugin_comproveedores_comproveedores`;
DROP TABLE `glpi_plugin_comproveedores_cvs`;
DROP TABLE `glpi_plugin_comproveedores_experiences`;
DROP TABLE `glpi_plugin_comproveedores_listspecialties`;
DROP TABLE `glpi_plugin_comproveedores_roltypes`;
DROP TABLE `glpi_plugin_comproveedores_specialties`;


  Error: You have an error in your SQL syntax; check the manual that corresponds to your MySQL server version for the right syntax to use near 'DROP TABLE `glpi_plugin_comproveedores_communities`;
DROP TABLE `glpi_plugin_com' at line 2
  Backtrace :
  inc\dbmysql.class.php:503                          
  plugins\comproveedores\hook.php:52                 DBmysql->runFile()
  inc\plugin.class.php:685                           plugin_comproveedores_uninstall()
  :                                                  Plugin->uninstall()
  front\plugin.form.php:48                           call_user_func()
2018-04-26 12:52:18 [2@POR114]
  *** MySQL query error:
  SQL: DROP TABLE `glpi_plugin_comproveedores_categories`;
DROP TABLE `glpi_plugin_comproveedores_communities`;
DROP TABLE `glpi_plugin_comproveedores_comproveedores`;
DROP TABLE `glpi_plugin_comproveedores_cvs`;
DROP TABLE `glpi_plugin_comproveedores_experiences`;
DROP TABLE `glpi_plugin_comproveedores_listspecialties`;
DROP TABLE `glpi_plugin_comproveedores_roltypes`;
DROP TABLE `glpi_plugin_comproveedores_specialties`;

ALTER TABLE `glpi_users` DROP COLUMN  `supplier_id`;

  Error: You have an error in your SQL syntax; check the manual that corresponds to your MySQL server version for the right syntax to use near 'DROP TABLE `glpi_plugin_comproveedores_communities`;
DROP TABLE `glpi_plugin_com' at line 2
  Backtrace :
  inc\dbmysql.class.php:503                          
  plugins\comproveedores\hook.php:52                 DBmysql->runFile()
  inc\plugin.class.php:685                           plugin_comproveedores_uninstall()
  :                                                  Plugin->uninstall()
  front\plugin.form.php:48                           call_user_func()
2018-04-26 12:52:18 [2@POR114]
  *** MySQL query error:
  SQL: DROP TABLE `glpi_plugin_comproveedores_categories`;
DROP TABLE `glpi_plugin_comproveedores_communities`;
DROP TABLE `glpi_plugin_comproveedores_comproveedores`;
DROP TABLE `glpi_plugin_comproveedores_cvs`;
DROP TABLE `glpi_plugin_comproveedores_experiences`;
DROP TABLE `glpi_plugin_comproveedores_listspecialties`;
DROP TABLE `glpi_plugin_comproveedores_roltypes`;
DROP TABLE `glpi_plugin_comproveedores_specialties`;

ALTER TABLE `glpi_users` DROP COLUMN  `supplier_id`;


  Error: You have an error in your SQL syntax; check the manual that corresponds to your MySQL server version for the right syntax to use near 'DROP TABLE `glpi_plugin_comproveedores_communities`;
DROP TABLE `glpi_plugin_com' at line 2
  Backtrace :
  inc\dbmysql.class.php:503                          
  plugins\comproveedores\hook.php:52                 DBmysql->runFile()
  inc\plugin.class.php:685                           plugin_comproveedores_uninstall()
  :                                                  Plugin->uninstall()
  front\plugin.form.php:48                           call_user_func()
2018-04-26 12:52:18 [2@POR114]
  *** MySQL query error:
  SQL: DROP TABLE `glpi_plugin_comproveedores_categories`;
DROP TABLE `glpi_plugin_comproveedores_communities`;
DROP TABLE `glpi_plugin_comproveedores_comproveedores`;
DROP TABLE `glpi_plugin_comproveedores_cvs`;
DROP TABLE `glpi_plugin_comproveedores_experiences`;
DROP TABLE `glpi_plugin_comproveedores_listspecialties`;
DROP TABLE `glpi_plugin_comproveedores_roltypes`;
DROP TABLE `glpi_plugin_comproveedores_specialties`;

ALTER TABLE `glpi_users` DROP COLUMN  `supplier_id`;

ALTER TABLE `glpi_profiles` DROP COLUMN  `create_cv_on_login`;

  Error: You have an error in your SQL syntax; check the manual that corresponds to your MySQL server version for the right syntax to use near 'DROP TABLE `glpi_plugin_comproveedores_communities`;
DROP TABLE `glpi_plugin_com' at line 2
  Backtrace :
  inc\dbmysql.class.php:503                          
  plugins\comproveedores\hook.php:52                 DBmysql->runFile()
  inc\plugin.class.php:685                           plugin_comproveedores_uninstall()
  :                                                  Plugin->uninstall()
  front\plugin.form.php:48                           call_user_func()
2018-04-26 12:52:18 [2@POR114]
  *** MySQL query error:
  SQL: DROP TABLE `glpi_plugin_comproveedores_categories`;
DROP TABLE `glpi_plugin_comproveedores_communities`;
DROP TABLE `glpi_plugin_comproveedores_comproveedores`;
DROP TABLE `glpi_plugin_comproveedores_cvs`;
DROP TABLE `glpi_plugin_comproveedores_experiences`;
DROP TABLE `glpi_plugin_comproveedores_listspecialties`;
DROP TABLE `glpi_plugin_comproveedores_roltypes`;
DROP TABLE `glpi_plugin_comproveedores_specialties`;

ALTER TABLE `glpi_users` DROP COLUMN  `supplier_id`;

ALTER TABLE `glpi_profiles` DROP COLUMN  `create_cv_on_login`;


  Error: You have an error in your SQL syntax; check the manual that corresponds to your MySQL server version for the right syntax to use near 'DROP TABLE `glpi_plugin_comproveedores_communities`;
DROP TABLE `glpi_plugin_com' at line 2
  Backtrace :
  inc\dbmysql.class.php:503                          
  plugins\comproveedores\hook.php:52                 DBmysql->runFile()
  inc\plugin.class.php:685                           plugin_comproveedores_uninstall()
  :                                                  Plugin->uninstall()
  front\plugin.form.php:48                           call_user_func()
2018-04-26 12:52:18 [2@POR114]
  *** MySQL query error:
  SQL: DROP TABLE `glpi_plugin_comproveedores_categories`;
DROP TABLE `glpi_plugin_comproveedores_communities`;
DROP TABLE `glpi_plugin_comproveedores_comproveedores`;
DROP TABLE `glpi_plugin_comproveedores_cvs`;
DROP TABLE `glpi_plugin_comproveedores_experiences`;
DROP TABLE `glpi_plugin_comproveedores_listspecialties`;
DROP TABLE `glpi_plugin_comproveedores_roltypes`;
DROP TABLE `glpi_plugin_comproveedores_specialties`;

ALTER TABLE `glpi_users` DROP COLUMN  `supplier_id`;

ALTER TABLE `glpi_profiles` DROP COLUMN  `create_cv_on_login`;



  Error: You have an error in your SQL syntax; check the manual that corresponds to your MySQL server version for the right syntax to use near 'DROP TABLE `glpi_plugin_comproveedores_communities`;
DROP TABLE `glpi_plugin_com' at line 2
  Backtrace :
  inc\dbmysql.class.php:503                          
  plugins\comproveedores\hook.php:52                 DBmysql->runFile()
  inc\plugin.class.php:685                           plugin_comproveedores_uninstall()
  :                                                  Plugin->uninstall()
  front\plugin.form.php:48                           call_user_func()
2018-04-26 12:52:18 [2@POR114]
  *** MySQL query error:
  SQL: DROP TABLE `glpi_plugin_comproveedores_categories`;
DROP TABLE `glpi_plugin_comproveedores_communities`;
DROP TABLE `glpi_plugin_comproveedores_comproveedores`;
DROP TABLE `glpi_plugin_comproveedores_cvs`;
DROP TABLE `glpi_plugin_comproveedores_experiences`;
DROP TABLE `glpi_plugin_comproveedores_listspecialties`;
DROP TABLE `glpi_plugin_comproveedores_roltypes`;
DROP TABLE `glpi_plugin_comproveedores_specialties`;

ALTER TABLE `glpi_users` DROP COLUMN  `supplier_id`;

ALTER TABLE `glpi_profiles` DROP COLUMN  `create_cv_on_login`;


ALTER TABLE `glpi_suppliers` DROP COLUMN  `cv_id`;

  Error: You have an error in your SQL syntax; check the manual that corresponds to your MySQL server version for the right syntax to use near 'DROP TABLE `glpi_plugin_comproveedores_communities`;
DROP TABLE `glpi_plugin_com' at line 2
  Backtrace :
  inc\dbmysql.class.php:503                          
  plugins\comproveedores\hook.php:52                 DBmysql->runFile()
  inc\plugin.class.php:685                           plugin_comproveedores_uninstall()
  :                                                  Plugin->uninstall()
  front\plugin.form.php:48                           call_user_func()
2018-04-26 12:52:18 [2@POR114]
  *** MySQL query error:
  SQL: DROP TABLE `glpi_plugin_comproveedores_categories`;
DROP TABLE `glpi_plugin_comproveedores_communities`;
DROP TABLE `glpi_plugin_comproveedores_comproveedores`;
DROP TABLE `glpi_plugin_comproveedores_cvs`;
DROP TABLE `glpi_plugin_comproveedores_experiences`;
DROP TABLE `glpi_plugin_comproveedores_listspecialties`;
DROP TABLE `glpi_plugin_comproveedores_roltypes`;
DROP TABLE `glpi_plugin_comproveedores_specialties`;

ALTER TABLE `glpi_users` DROP COLUMN  `supplier_id`;

ALTER TABLE `glpi_profiles` DROP COLUMN  `create_cv_on_login`;


ALTER TABLE `glpi_suppliers` DROP COLUMN  `cv_id`;
ALTER TABLE `glpi_suppliers` DROP COLUMN  `cif`;

  Error: You have an error in your SQL syntax; check the manual that corresponds to your MySQL server version for the right syntax to use near 'DROP TABLE `glpi_plugin_comproveedores_communities`;
DROP TABLE `glpi_plugin_com' at line 2
  Backtrace :
  inc\dbmysql.class.php:503                          
  plugins\comproveedores\hook.php:52                 DBmysql->runFile()
  inc\plugin.class.php:685                           plugin_comproveedores_uninstall()
  :                                                  Plugin->uninstall()
  front\plugin.form.php:48                           call_user_func()
2018-04-26 12:52:18 [2@POR114]
  *** MySQL query error:
  SQL: DROP TABLE `glpi_plugin_comproveedores_categories`;
DROP TABLE `glpi_plugin_comproveedores_communities`;
DROP TABLE `glpi_plugin_comproveedores_comproveedores`;
DROP TABLE `glpi_plugin_comproveedores_cvs`;
DROP TABLE `glpi_plugin_comproveedores_experiences`;
DROP TABLE `glpi_plugin_comproveedores_listspecialties`;
DROP TABLE `glpi_plugin_comproveedores_roltypes`;
DROP TABLE `glpi_plugin_comproveedores_specialties`;

ALTER TABLE `glpi_users` DROP COLUMN  `supplier_id`;

ALTER TABLE `glpi_profiles` DROP COLUMN  `create_cv_on_login`;


ALTER TABLE `glpi_suppliers` DROP COLUMN  `cv_id`;
ALTER TABLE `glpi_suppliers` DROP COLUMN  `cif`;
ALTER TABLE `glpi_suppliers` DROP COLUMN `forma_juridica`;

  Error: You have an error in your SQL syntax; check the manual that corresponds to your MySQL server version for the right syntax to use near 'DROP TABLE `glpi_plugin_comproveedores_communities`;
DROP TABLE `glpi_plugin_com' at line 2
  Backtrace :
  inc\dbmysql.class.php:503                          
  plugins\comproveedores\hook.php:52                 DBmysql->runFile()
  inc\plugin.class.php:685                           plugin_comproveedores_uninstall()
  :                                                  Plugin->uninstall()
  front\plugin.form.php:48                           call_user_func()
2018-04-26 12:52:18 [2@POR114]
  *** MySQL query error:
  SQL: DROP TABLE `glpi_plugin_comproveedores_categories`;
DROP TABLE `glpi_plugin_comproveedores_communities`;
DROP TABLE `glpi_plugin_comproveedores_comproveedores`;
DROP TABLE `glpi_plugin_comproveedores_cvs`;
DROP TABLE `glpi_plugin_comproveedores_experiences`;
DROP TABLE `glpi_plugin_comproveedores_listspecialties`;
DROP TABLE `glpi_plugin_comproveedores_roltypes`;
DROP TABLE `glpi_plugin_comproveedores_specialties`;

ALTER TABLE `glpi_users` DROP COLUMN  `supplier_id`;

ALTER TABLE `glpi_profiles` DROP COLUMN  `create_cv_on_login`;


ALTER TABLE `glpi_suppliers` DROP COLUMN  `cv_id`;
ALTER TABLE `glpi_suppliers` DROP COLUMN  `cif`;
ALTER TABLE `glpi_suppliers` DROP COLUMN `forma_juridica`;
ALTER TABLE `glpi_suppliers` DROP COLUMN `locations_id`;

  Error: You have an error in your SQL syntax; check the manual that corresponds to your MySQL server version for the right syntax to use near 'DROP TABLE `glpi_plugin_comproveedores_communities`;
DROP TABLE `glpi_plugin_com' at line 2
  Backtrace :
  inc\dbmysql.class.php:503                          
  plugins\comproveedores\hook.php:52                 DBmysql->runFile()
  inc\plugin.class.php:685                           plugin_comproveedores_uninstall()
  :                                                  Plugin->uninstall()
  front\plugin.form.php:48                           call_user_func()
2018-04-26 12:52:18 [2@POR114]
  *** MySQL query error:
  SQL: DROP TABLE `glpi_plugin_comproveedores_categories`;
DROP TABLE `glpi_plugin_comproveedores_communities`;
DROP TABLE `glpi_plugin_comproveedores_comproveedores`;
DROP TABLE `glpi_plugin_comproveedores_cvs`;
DROP TABLE `glpi_plugin_comproveedores_experiences`;
DROP TABLE `glpi_plugin_comproveedores_listspecialties`;
DROP TABLE `glpi_plugin_comproveedores_roltypes`;
DROP TABLE `glpi_plugin_comproveedores_specialties`;

ALTER TABLE `glpi_users` DROP COLUMN  `supplier_id`;

ALTER TABLE `glpi_profiles` DROP COLUMN  `create_cv_on_login`;


ALTER TABLE `glpi_suppliers` DROP COLUMN  `cv_id`;
ALTER TABLE `glpi_suppliers` DROP COLUMN  `cif`;
ALTER TABLE `glpi_suppliers` DROP COLUMN `forma_juridica`;
ALTER TABLE `glpi_suppliers` DROP COLUMN `locations_id`;


  Error: You have an error in your SQL syntax; check the manual that corresponds to your MySQL server version for the right syntax to use near 'DROP TABLE `glpi_plugin_comproveedores_communities`;
DROP TABLE `glpi_plugin_com' at line 2
  Backtrace :
  inc\dbmysql.class.php:503                          
  plugins\comproveedores\hook.php:52                 DBmysql->runFile()
  inc\plugin.class.php:685                           plugin_comproveedores_uninstall()
  :                                                  Plugin->uninstall()
  front\plugin.form.php:48                           call_user_func()
2018-04-26 12:52:18 [2@POR114]
  *** MySQL query error:
  SQL: DROP TABLE `glpi_plugin_comproveedores_categories`;
DROP TABLE `glpi_plugin_comproveedores_communities`;
DROP TABLE `glpi_plugin_comproveedores_comproveedores`;
DROP TABLE `glpi_plugin_comproveedores_cvs`;
DROP TABLE `glpi_plugin_comproveedores_experiences`;
DROP TABLE `glpi_plugin_comproveedores_listspecialties`;
DROP TABLE `glpi_plugin_comproveedores_roltypes`;
DROP TABLE `glpi_plugin_comproveedores_specialties`;

ALTER TABLE `glpi_users` DROP COLUMN  `supplier_id`;

ALTER TABLE `glpi_profiles` DROP COLUMN  `create_cv_on_login`;


ALTER TABLE `glpi_suppliers` DROP COLUMN  `cv_id`;
ALTER TABLE `glpi_suppliers` DROP COLUMN  `cif`;
ALTER TABLE `glpi_suppliers` DROP COLUMN `forma_juridica`;
ALTER TABLE `glpi_suppliers` DROP COLUMN `locations_id`;


  Error: You have an error in your SQL syntax; check the manual that corresponds to your MySQL server version for the right syntax to use near 'DROP TABLE `glpi_plugin_comproveedores_communities`;
DROP TABLE `glpi_plugin_com' at line 2
  Backtrace :
  inc\dbmysql.class.php:503                          
  plugins\comproveedores\hook.php:52                 DBmysql->runFile()
  inc\plugin.class.php:685                           plugin_comproveedores_uninstall()
  :                                                  Plugin->uninstall()
  front\plugin.form.php:48                           call_user_func()
2018-05-22 22:51:32 [2@POR114]
  *** MySQL query error:
  SQL: SHOW COLUMNS FROM `glpi_commondbtms`
  Error: Table 'glpibovis.glpi_commondbtms' doesn't exist
  Backtrace :
  inc\dbmysql.class.php:402                          
  inc\commondbtm.class.php:365                       DBmysql->list_fields()
  ajax\autocompletion.php:52                         CommonDBTM->getEmpty()
2018-05-22 22:51:35 [2@POR114]
  *** MySQL query error:
  SQL: SHOW COLUMNS FROM `glpi_commondbtms`
  Error: Table 'glpibovis.glpi_commondbtms' doesn't exist
  Backtrace :
  inc\dbmysql.class.php:402                          
  inc\commondbtm.class.php:365                       DBmysql->list_fields()
  ajax\autocompletion.php:52                         CommonDBTM->getEmpty()
2018-05-24 06:21:52 [2@POR114]
  *** MySQL query error:
  SQL: SHOW COLUMNS FROM `glpi_printermodels`
  Error: Table 'glpibovis.glpi_printermodels' doesn't exist
  Backtrace :
  inc\dbmysql.class.php:402                          
  inc\commondbtm.class.php:365                       DBmysql->list_fields()
  inc\commondbtm.class.php:2783                      CommonDBTM->getEmpty()
  inc\dropdown.class.php:1127                        CommonDBTM->isEntityAssign()
  front\dropdown.php:47                              Dropdown::showItemTypeList()
2018-05-24 06:48:06 [2@POR114]
  *** MySQL query error:
  SQL: select e.plugin_comproveedores_experiencestypes_id as id, t.descripcion, count(*) as numero
	                            from glpi_plugin_comproveedores_experiences   as e
	                            FULL OUTER JOIN join glpi_plugin_comproveedores_experiencestypes  as t on e.plugin_comproveedores_experiencestypes_id = t.id
	                            where cv_id=2 and e.plugin_comproveedores_experiencestypes_id!='0' and intervencion_bovis=0 
	                            group by plugin_comproveedores_experiencestypes_id
  Error: You have an error in your SQL syntax; check the manual that corresponds to your MySQL server version for the right syntax to use near 'FULL OUTER JOIN join glpi_plugin_comproveedores_experiencestypes  as t on e.plug' at line 3
  Backtrace :
  ...s\comproveedores\inc\accordionExperience.php:33 
2018-05-24 06:48:35 [2@POR114]
  *** MySQL query error:
  SQL: select e.plugin_comproveedores_experiencestypes_id as id, t.descripcion, count(*) as numero
	                            from glpi_plugin_comproveedores_experiences   as e
	                            FULL OUTER JOIN glpi_plugin_comproveedores_experiencestypes  as t on e.plugin_comproveedores_experiencestypes_id = t.id
	                            where cv_id=2 and e.plugin_comproveedores_experiencestypes_id!='0' and intervencion_bovis=0 
	                            group by plugin_comproveedores_experiencestypes_id
  Error: You have an error in your SQL syntax; check the manual that corresponds to your MySQL server version for the right syntax to use near 'FULL OUTER JOIN glpi_plugin_comproveedores_experiencestypes  as t on e.plugin_co' at line 3
  Backtrace :
  ...s\comproveedores\inc\accordionExperience.php:33 
